2015-07-21T23:38:48+00:00 DEBUG (7): Exception message: SQLSTATE[23000]: Integrity constraint violation: 1452 Cannot add or update a child row: a foreign key constraint fails (`comerciodoboi`.`jorgepedro_leilao_leiloeiro`, CONSTRAINT `FK_JORGEPEDRO_LEILAO_LEILOEIRO_ID_CUSTOMER` FOREIGN KEY (`id_customer`) REFERENCES `customer_entity` (`entity_id`) ON DELETE CASCADE )
Trace: #0 /var/www/html/comerciodoboi/lib/Varien/Db/Statement/Pdo/Mysql.php(110): Zend_Db_Statement_Pdo->_execute(Array)
#1 /var/www/html/comerciodoboi/lib/Zend/Db/Statement.php(300): Varien_Db_Statement_Pdo_Mysql->_execute(Array)
#2 /var/www/html/comerciodoboi/lib/Zend/Db/Adapter/Abstract.php(479): Zend_Db_Statement->execute(Array)
#3 /var/www/html/comerciodoboi/lib/Zend/Db/Adapter/Pdo/Abstract.php(238): Zend_Db_Adapter_Abstract->query('INSERT INTO `jo...', Array)
#4 /var/www/html/comerciodoboi/lib/Varien/Db/Adapter/Pdo/Mysql.php(419): Zend_Db_Adapter_Pdo_Abstract->query('INSERT INTO `jo...', Array)
#5 /var/www/html/comerciodoboi/lib/Zend/Db/Adapter/Abstract.php(574): Varien_Db_Adapter_Pdo_Mysql->query('INSERT INTO `jo...', Array)
#6 /var/www/html/comerciodoboi/app/code/core/Mage/Core/Model/Resource/Db/Abstract.php(453): Zend_Db_Adapter_Abstract->insert('jorgepedro_leil...', Array)
#7 /var/www/html/comerciodoboi/app/code/core/Mage/Core/Model/Abstract.php(318): Mage_Core_Model_Resource_Db_Abstract->save(Object(JorgePedro_Leilao_Model_Leiloeiro))
#8 /var/www/html/comerciodoboi/app/code/local/JorgePedro/Leilao/Model/Observer.php(12): Mage_Core_Model_Abstract->save()
#9 /var/www/html/comerciodoboi/app/code/core/Mage/Core/Model/App.php(1338): JorgePedro_Leilao_Model_Observer->createUser(Object(Varien_Event_Observer))
#10 /var/www/html/comerciodoboi/app/code/core/Mage/Core/Model/App.php(1317): Mage_Core_Model_App->_callObserverMethod(Object(JorgePedro_Leilao_Model_Observer), 'createUser', Object(Varien_Event_Observer))
#11 /var/www/html/comerciodoboi/app/Mage.php(447): Mage_Core_Model_App->dispatchEvent('customer_regist...', Array)
#12 /var/www/html/comerciodoboi/app/code/core/Mage/Customer/controllers/AccountController.php(337): Mage::dispatchEvent('customer_regist...', Array)
#13 /var/www/html/comerciodoboi/app/code/core/Mage/Core/Controller/Varien/Action.php(419): Mage_Customer_AccountController->createPostAction()
#14 /var/www/html/comerciodoboi/app/code/core/Mage/Core/Controller/Varien/Router/Standard.php(250): Mage_Core_Controller_Varien_Action->dispatch('createpost')
#15 /var/www/html/comerciodoboi/app/code/core/Mage/Core/Controller/Varien/Front.php(176): Mage_Core_Controller_Varien_Router_Standard->match(Object(Mage_Core_Controller_Request_Http))
#16 /var/www/html/comerciodoboi/app/code/core/Mage/Core/Model/App.php(354): Mage_Core_Controller_Varien_Front->dispatch()
#17 /var/www/html/comerciodoboi/app/Mage.php(683): Mage_Core_Model_App->run(Array)
#18 /var/www/html/comerciodoboi/index.php(87): Mage::run('', 'store')
#19 {main}
2015-07-21T23:45:28+00:00 DEBUG (7): Exception message: SQLSTATE[23000]: Integrity constraint violation: 1452 Cannot add or update a child row: a foreign key constraint fails (`comerciodoboi`.`jorgepedro_leilao_leiloeiro`, CONSTRAINT `FK_JORGEPEDRO_LEILAO_LEILOEIRO_ID_CUSTOMER` FOREIGN KEY (`id_customer`) REFERENCES `customer_entity` (`entity_id`) ON DELETE CASCADE )
Trace: #0 /var/www/html/comerciodoboi/lib/Varien/Db/Statement/Pdo/Mysql.php(110): Zend_Db_Statement_Pdo->_execute(Array)
#1 /var/www/html/comerciodoboi/lib/Zend/Db/Statement.php(300): Varien_Db_Statement_Pdo_Mysql->_execute(Array)
#2 /var/www/html/comerciodoboi/lib/Zend/Db/Adapter/Abstract.php(479): Zend_Db_Statement->execute(Array)
#3 /var/www/html/comerciodoboi/lib/Zend/Db/Adapter/Pdo/Abstract.php(238): Zend_Db_Adapter_Abstract->query('INSERT INTO `jo...', Array)
#4 /var/www/html/comerciodoboi/lib/Varien/Db/Adapter/Pdo/Mysql.php(419): Zend_Db_Adapter_Pdo_Abstract->query('INSERT INTO `jo...', Array)
#5 /var/www/html/comerciodoboi/lib/Zend/Db/Adapter/Abstract.php(574): Varien_Db_Adapter_Pdo_Mysql->query('INSERT INTO `jo...', Array)
#6 /var/www/html/comerciodoboi/app/code/core/Mage/Core/Model/Resource/Db/Abstract.php(453): Zend_Db_Adapter_Abstract->insert('jorgepedro_leil...', Array)
#7 /var/www/html/comerciodoboi/app/code/core/Mage/Core/Model/Abstract.php(318): Mage_Core_Model_Resource_Db_Abstract->save(Object(JorgePedro_Leilao_Model_Leiloeiro))
#8 /var/www/html/comerciodoboi/app/code/local/JorgePedro/Leilao/Model/Observer.php(12): Mage_Core_Model_Abstract->save()
#9 /var/www/html/comerciodoboi/app/code/core/Mage/Core/Model/App.php(1338): JorgePedro_Leilao_Model_Observer->createUser(Object(Varien_Event_Observer))
#10 /var/www/html/comerciodoboi/app/code/core/Mage/Core/Model/App.php(1317): Mage_Core_Model_App->_callObserverMethod(Object(JorgePedro_Leilao_Model_Observer), 'createUser', Object(Varien_Event_Observer))
#11 /var/www/html/comerciodoboi/app/Mage.php(447): Mage_Core_Model_App->dispatchEvent('customer_regist...', Array)
#12 /var/www/html/comerciodoboi/app/code/core/Mage/Customer/controllers/AccountController.php(337): Mage::dispatchEvent('customer_regist...', Array)
#13 /var/www/html/comerciodoboi/app/code/core/Mage/Core/Controller/Varien/Action.php(419): Mage_Customer_AccountController->createPostAction()
#14 /var/www/html/comerciodoboi/app/code/core/Mage/Core/Controller/Varien/Router/Standard.php(250): Mage_Core_Controller_Varien_Action->dispatch('createpost')
#15 /var/www/html/comerciodoboi/app/code/core/Mage/Core/Controller/Varien/Front.php(176): Mage_Core_Controller_Varien_Router_Standard->match(Object(Mage_Core_Controller_Request_Http))
#16 /var/www/html/comerciodoboi/app/code/core/Mage/Core/Model/App.php(354): Mage_Core_Controller_Varien_Front->dispatch()
#17 /var/www/html/comerciodoboi/app/Mage.php(683): Mage_Core_Model_App->run(Array)
#18 /var/www/html/comerciodoboi/index.php(87): Mage::run('', 'store')
#19 {main}
2015-07-22T00:14:49+00:00 ERR (3): 
exception 'Zend_Mail_Transport_Exception' with message 'Unable to send mail. ' in /var/www/html/comerciodoboi/lib/Zend/Mail/Transport/Sendmail.php:137
Stack trace:
#0 /var/www/html/comerciodoboi/lib/Zend/Mail/Transport/Abstract.php(348): Zend_Mail_Transport_Sendmail->_sendMail()
#1 /var/www/html/comerciodoboi/lib/Zend/Mail.php(1194): Zend_Mail_Transport_Abstract->send(Object(Zend_Mail))
#2 /var/www/html/comerciodoboi/app/code/core/Mage/Core/Model/Email/Template.php(454): Zend_Mail->send()
#3 /var/www/html/comerciodoboi/app/code/core/Mage/Core/Model/Email/Template.php(506): Mage_Core_Model_Email_Template->send(Array, Array, Array)
#4 /var/www/html/comerciodoboi/app/code/core/Mage/Core/Model/Email/Template/Mailer.php(79): Mage_Core_Model_Email_Template->sendTransactional('customer_create...', 'general', Array, Array, Array, '1')
#5 /var/www/html/comerciodoboi/app/code/core/Mage/Customer/Model/Customer.php(650): Mage_Core_Model_Email_Template_Mailer->send()
#6 /var/www/html/comerciodoboi/app/code/core/Mage/Customer/Model/Customer.php(577): Mage_Customer_Model_Customer->_sendEmailTemplate('customer/create...', 'customer/create...', Array, '1')
#7 /var/www/html/comerciodoboi/app/code/core/Mage/Customer/controllers/AccountController.php(414): Mage_Customer_Model_Customer->sendNewAccountEmail('registered', '', '1')
#8 /var/www/html/comerciodoboi/app/code/core/Mage/Customer/controllers/AccountController.php(350): Mage_Customer_AccountController->_welcomeCustomer(Object(Mage_Customer_Model_Customer))
#9 /var/www/html/comerciodoboi/app/code/core/Mage/Core/Controller/Varien/Action.php(419): Mage_Customer_AccountController->createPostAction()
#10 /var/www/html/comerciodoboi/app/code/core/Mage/Core/Controller/Varien/Router/Standard.php(250): Mage_Core_Controller_Varien_Action->dispatch('createpost')
#11 /var/www/html/comerciodoboi/app/code/core/Mage/Core/Controller/Varien/Front.php(176): Mage_Core_Controller_Varien_Router_Standard->match(Object(Mage_Core_Controller_Request_Http))
#12 /var/www/html/comerciodoboi/app/code/core/Mage/Core/Model/App.php(354): Mage_Core_Controller_Varien_Front->dispatch()
#13 /var/www/html/comerciodoboi/app/Mage.php(683): Mage_Core_Model_App->run(Array)
#14 /var/www/html/comerciodoboi/index.php(87): Mage::run('', 'store')
#15 {main}
2015-07-22T00:14:50+00:00 ERR (3): 
exception 'Mage_Core_Exception' with message 'Tipo de bloco inválido: Mage_Cliente_Block_Customer_Account_Dashboard_Hello' in /var/www/html/comerciodoboi/app/Mage.php:594
Stack trace:
#0 /var/www/html/comerciodoboi/app/code/core/Mage/Core/Model/Layout.php(495): Mage::throwException('Tipo de bloco i...')
#1 /var/www/html/comerciodoboi/app/code/core/Mage/Core/Model/Layout.php(437): Mage_Core_Model_Layout->_getBlockInstance('cliente/custome...', Array)
#2 /var/www/html/comerciodoboi/app/code/core/Mage/Core/Model/Layout.php(472): Mage_Core_Model_Layout->createBlock('cliente/custome...', 'cliente_custome...')
#3 /var/www/html/comerciodoboi/app/code/core/Mage/Core/Model/Layout.php(239): Mage_Core_Model_Layout->addBlock('cliente/custome...', 'cliente_custome...')
#4 /var/www/html/comerciodoboi/app/code/core/Mage/Core/Model/Layout.php(205): Mage_Core_Model_Layout->_generateBlock(Object(Mage_Core_Model_Layout_Element), Object(Mage_Core_Model_Layout_Element))
#5 /var/www/html/comerciodoboi/app/code/core/Mage/Core/Model/Layout.php(210): Mage_Core_Model_Layout->generateBlocks(Object(Mage_Core_Model_Layout_Element))
#6 /var/www/html/comerciodoboi/app/code/core/Mage/Core/Controller/Varien/Action.php(344): Mage_Core_Model_Layout->generateBlocks()
#7 /var/www/html/comerciodoboi/app/code/core/Mage/Core/Controller/Varien/Action.php(269): Mage_Core_Controller_Varien_Action->generateLayoutBlocks()
#8 /var/www/html/comerciodoboi/app/code/core/Mage/Customer/controllers/AccountController.php(107): Mage_Core_Controller_Varien_Action->loadLayout()
#9 /var/www/html/comerciodoboi/app/code/core/Mage/Core/Controller/Varien/Action.php(419): Mage_Customer_AccountController->indexAction()
#10 /var/www/html/comerciodoboi/app/code/core/Mage/Core/Controller/Varien/Router/Standard.php(250): Mage_Core_Controller_Varien_Action->dispatch('index')
#11 /var/www/html/comerciodoboi/app/code/core/Mage/Core/Controller/Varien/Front.php(176): Mage_Core_Controller_Varien_Router_Standard->match(Object(Mage_Core_Controller_Request_Http))
#12 /var/www/html/comerciodoboi/app/code/core/Mage/Core/Model/App.php(354): Mage_Core_Controller_Varien_Front->dispatch()
#13 /var/www/html/comerciodoboi/app/Mage.php(683): Mage_Core_Model_App->run(Array)
#14 /var/www/html/comerciodoboi/index.php(87): Mage::run('', 'store')
#15 {main}
2015-07-22T00:15:09+00:00 ERR (3): 
exception 'Mage_Core_Exception' with message 'Tipo de bloco inválido: Mage_Cliente_Block_Customer_Account_Dashboard_Hello' in /var/www/html/comerciodoboi/app/Mage.php:594
Stack trace:
#0 /var/www/html/comerciodoboi/app/code/core/Mage/Core/Model/Layout.php(495): Mage::throwException('Tipo de bloco i...')
#1 /var/www/html/comerciodoboi/app/code/core/Mage/Core/Model/Layout.php(437): Mage_Core_Model_Layout->_getBlockInstance('cliente/custome...', Array)
#2 /var/www/html/comerciodoboi/app/code/core/Mage/Core/Model/Layout.php(472): Mage_Core_Model_Layout->createBlock('cliente/custome...', 'cliente_custome...')
#3 /var/www/html/comerciodoboi/app/code/core/Mage/Core/Model/Layout.php(239): Mage_Core_Model_Layout->addBlock('cliente/custome...', 'cliente_custome...')
#4 /var/www/html/comerciodoboi/app/code/core/Mage/Core/Model/Layout.php(205): Mage_Core_Model_Layout->_generateBlock(Object(Mage_Core_Model_Layout_Element), Object(Mage_Core_Model_Layout_Element))
#5 /var/www/html/comerciodoboi/app/code/core/Mage/Core/Model/Layout.php(210): Mage_Core_Model_Layout->generateBlocks(Object(Mage_Core_Model_Layout_Element))
#6 /var/www/html/comerciodoboi/app/code/core/Mage/Core/Controller/Varien/Action.php(344): Mage_Core_Model_Layout->generateBlocks()
#7 /var/www/html/comerciodoboi/app/code/core/Mage/Core/Controller/Varien/Action.php(269): Mage_Core_Controller_Varien_Action->generateLayoutBlocks()
#8 /var/www/html/comerciodoboi/app/code/core/Mage/Customer/controllers/AccountController.php(107): Mage_Core_Controller_Varien_Action->loadLayout()
#9 /var/www/html/comerciodoboi/app/code/core/Mage/Core/Controller/Varien/Action.php(419): Mage_Customer_AccountController->indexAction()
#10 /var/www/html/comerciodoboi/app/code/core/Mage/Core/Controller/Varien/Router/Standard.php(250): Mage_Core_Controller_Varien_Action->dispatch('index')
#11 /var/www/html/comerciodoboi/app/code/core/Mage/Core/Controller/Varien/Front.php(176): Mage_Core_Controller_Varien_Router_Standard->match(Object(Mage_Core_Controller_Request_Http))
#12 /var/www/html/comerciodoboi/app/code/core/Mage/Core/Model/App.php(354): Mage_Core_Controller_Varien_Front->dispatch()
#13 /var/www/html/comerciodoboi/app/Mage.php(683): Mage_Core_Model_App->run(Array)
#14 /var/www/html/comerciodoboi/index.php(87): Mage::run('', 'store')
#15 {main}
2015-07-22T00:18:12+00:00 DEBUG (7): Exception message: SQLSTATE[23000]: Integrity constraint violation: 1452 Cannot add or update a child row: a foreign key constraint fails (`comerciodoboi`.`jorgepedro_leilao_leiloeiro`, CONSTRAINT `FK_JORGEPEDRO_LEILAO_LEILOEIRO_ID_CUSTOMER` FOREIGN KEY (`id_customer`) REFERENCES `customer_entity` (`entity_id`) ON DELETE CASCADE )
Trace: #0 /var/www/html/comerciodoboi/lib/Varien/Db/Statement/Pdo/Mysql.php(110): Zend_Db_Statement_Pdo->_execute(Array)
#1 /var/www/html/comerciodoboi/lib/Zend/Db/Statement.php(300): Varien_Db_Statement_Pdo_Mysql->_execute(Array)
#2 /var/www/html/comerciodoboi/lib/Zend/Db/Adapter/Abstract.php(479): Zend_Db_Statement->execute(Array)
#3 /var/www/html/comerciodoboi/lib/Zend/Db/Adapter/Pdo/Abstract.php(238): Zend_Db_Adapter_Abstract->query('INSERT INTO `jo...', Array)
#4 /var/www/html/comerciodoboi/lib/Varien/Db/Adapter/Pdo/Mysql.php(419): Zend_Db_Adapter_Pdo_Abstract->query('INSERT INTO `jo...', Array)
#5 /var/www/html/comerciodoboi/lib/Zend/Db/Adapter/Abstract.php(574): Varien_Db_Adapter_Pdo_Mysql->query('INSERT INTO `jo...', Array)
#6 /var/www/html/comerciodoboi/app/code/core/Mage/Core/Model/Resource/Db/Abstract.php(453): Zend_Db_Adapter_Abstract->insert('jorgepedro_leil...', Array)
#7 /var/www/html/comerciodoboi/app/code/core/Mage/Core/Model/Abstract.php(318): Mage_Core_Model_Resource_Db_Abstract->save(Object(JorgePedro_Leilao_Model_Leiloeiro))
#8 /var/www/html/comerciodoboi/app/code/local/JorgePedro/Leilao/Model/Observer.php(12): Mage_Core_Model_Abstract->save()
#9 /var/www/html/comerciodoboi/app/code/core/Mage/Core/Model/App.php(1338): JorgePedro_Leilao_Model_Observer->createUser(Object(Varien_Event_Observer))
#10 /var/www/html/comerciodoboi/app/code/core/Mage/Core/Model/App.php(1317): Mage_Core_Model_App->_callObserverMethod(Object(JorgePedro_Leilao_Model_Observer), 'createUser', Object(Varien_Event_Observer))
#11 /var/www/html/comerciodoboi/app/Mage.php(447): Mage_Core_Model_App->dispatchEvent('customer_regist...', Array)
#12 /var/www/html/comerciodoboi/app/code/core/Mage/Customer/controllers/AccountController.php(337): Mage::dispatchEvent('customer_regist...', Array)
#13 /var/www/html/comerciodoboi/app/code/core/Mage/Core/Controller/Varien/Action.php(419): Mage_Customer_AccountController->createPostAction()
#14 /var/www/html/comerciodoboi/app/code/core/Mage/Core/Controller/Varien/Router/Standard.php(250): Mage_Core_Controller_Varien_Action->dispatch('createpost')
#15 /var/www/html/comerciodoboi/app/code/core/Mage/Core/Controller/Varien/Front.php(176): Mage_Core_Controller_Varien_Router_Standard->match(Object(Mage_Core_Controller_Request_Http))
#16 /var/www/html/comerciodoboi/app/code/core/Mage/Core/Model/App.php(354): Mage_Core_Controller_Varien_Front->dispatch()
#17 /var/www/html/comerciodoboi/app/Mage.php(683): Mage_Core_Model_App->run(Array)
#18 /var/www/html/comerciodoboi/index.php(87): Mage::run('', 'store')
#19 {main}
2015-07-22T00:22:18+00:00 ERR (3): 
exception 'Zend_Mail_Transport_Exception' with message 'Unable to send mail. ' in /var/www/html/comerciodoboi/lib/Zend/Mail/Transport/Sendmail.php:137
Stack trace:
#0 /var/www/html/comerciodoboi/lib/Zend/Mail/Transport/Abstract.php(348): Zend_Mail_Transport_Sendmail->_sendMail()
#1 /var/www/html/comerciodoboi/lib/Zend/Mail.php(1194): Zend_Mail_Transport_Abstract->send(Object(Zend_Mail))
#2 /var/www/html/comerciodoboi/app/code/core/Mage/Core/Model/Email/Template.php(454): Zend_Mail->send()
#3 /var/www/html/comerciodoboi/app/code/core/Mage/Core/Model/Email/Template.php(506): Mage_Core_Model_Email_Template->send(Array, Array, Array)
#4 /var/www/html/comerciodoboi/app/code/core/Mage/Core/Model/Email/Template/Mailer.php(79): Mage_Core_Model_Email_Template->sendTransactional('customer_create...', 'general', Array, Array, Array, '1')
#5 /var/www/html/comerciodoboi/app/code/core/Mage/Customer/Model/Customer.php(650): Mage_Core_Model_Email_Template_Mailer->send()
#6 /var/www/html/comerciodoboi/app/code/core/Mage/Customer/Model/Customer.php(577): Mage_Customer_Model_Customer->_sendEmailTemplate('customer/create...', 'customer/create...', Array, '1')
#7 /var/www/html/comerciodoboi/app/code/core/Mage/Customer/controllers/AccountController.php(414): Mage_Customer_Model_Customer->sendNewAccountEmail('registered', '', '1')
#8 /var/www/html/comerciodoboi/app/code/core/Mage/Customer/controllers/AccountController.php(350): Mage_Customer_AccountController->_welcomeCustomer(Object(Mage_Customer_Model_Customer))
#9 /var/www/html/comerciodoboi/app/code/core/Mage/Core/Controller/Varien/Action.php(419): Mage_Customer_AccountController->createPostAction()
#10 /var/www/html/comerciodoboi/app/code/core/Mage/Core/Controller/Varien/Router/Standard.php(250): Mage_Core_Controller_Varien_Action->dispatch('createpost')
#11 /var/www/html/comerciodoboi/app/code/core/Mage/Core/Controller/Varien/Front.php(176): Mage_Core_Controller_Varien_Router_Standard->match(Object(Mage_Core_Controller_Request_Http))
#12 /var/www/html/comerciodoboi/app/code/core/Mage/Core/Model/App.php(354): Mage_Core_Controller_Varien_Front->dispatch()
#13 /var/www/html/comerciodoboi/app/Mage.php(683): Mage_Core_Model_App->run(Array)
#14 /var/www/html/comerciodoboi/index.php(87): Mage::run('', 'store')
#15 {main}
2015-07-22T00:22:19+00:00 ERR (3): 
exception 'Mage_Core_Exception' with message 'Tipo de bloco inválido: Mage_Cliente_Block_Customer_Account_Dashboard_Hello' in /var/www/html/comerciodoboi/app/Mage.php:594
Stack trace:
#0 /var/www/html/comerciodoboi/app/code/core/Mage/Core/Model/Layout.php(495): Mage::throwException('Tipo de bloco i...')
#1 /var/www/html/comerciodoboi/app/code/core/Mage/Core/Model/Layout.php(437): Mage_Core_Model_Layout->_getBlockInstance('cliente/custome...', Array)
#2 /var/www/html/comerciodoboi/app/code/core/Mage/Core/Model/Layout.php(472): Mage_Core_Model_Layout->createBlock('cliente/custome...', 'cliente_custome...')
#3 /var/www/html/comerciodoboi/app/code/core/Mage/Core/Model/Layout.php(239): Mage_Core_Model_Layout->addBlock('cliente/custome...', 'cliente_custome...')
#4 /var/www/html/comerciodoboi/app/code/core/Mage/Core/Model/Layout.php(205): Mage_Core_Model_Layout->_generateBlock(Object(Mage_Core_Model_Layout_Element), Object(Mage_Core_Model_Layout_Element))
#5 /var/www/html/comerciodoboi/app/code/core/Mage/Core/Model/Layout.php(210): Mage_Core_Model_Layout->generateBlocks(Object(Mage_Core_Model_Layout_Element))
#6 /var/www/html/comerciodoboi/app/code/core/Mage/Core/Controller/Varien/Action.php(344): Mage_Core_Model_Layout->generateBlocks()
#7 /var/www/html/comerciodoboi/app/code/core/Mage/Core/Controller/Varien/Action.php(269): Mage_Core_Controller_Varien_Action->generateLayoutBlocks()
#8 /var/www/html/comerciodoboi/app/code/core/Mage/Customer/controllers/AccountController.php(107): Mage_Core_Controller_Varien_Action->loadLayout()
#9 /var/www/html/comerciodoboi/app/code/core/Mage/Core/Controller/Varien/Action.php(419): Mage_Customer_AccountController->indexAction()
#10 /var/www/html/comerciodoboi/app/code/core/Mage/Core/Controller/Varien/Router/Standard.php(250): Mage_Core_Controller_Varien_Action->dispatch('index')
#11 /var/www/html/comerciodoboi/app/code/core/Mage/Core/Controller/Varien/Front.php(176): Mage_Core_Controller_Varien_Router_Standard->match(Object(Mage_Core_Controller_Request_Http))
#12 /var/www/html/comerciodoboi/app/code/core/Mage/Core/Model/App.php(354): Mage_Core_Controller_Varien_Front->dispatch()
#13 /var/www/html/comerciodoboi/app/Mage.php(683): Mage_Core_Model_App->run(Array)
#14 /var/www/html/comerciodoboi/index.php(87): Mage::run('', 'store')
#15 {main}
2015-07-22T00:31:33+00:00 DEBUG (7): Exception message: SQLSTATE[23000]: Integrity constraint violation: 1452 Cannot add or update a child row: a foreign key constraint fails (`comerciodoboi`.`jorgepedro_leilao_leiloeiro`, CONSTRAINT `FK_JORGEPEDRO_LEILAO_LEILOEIRO_ID_CUSTOMER` FOREIGN KEY (`id_customer`) REFERENCES `customer_entity` (`entity_id`) ON DELETE CASCADE )
Trace: #0 /var/www/html/comerciodoboi/lib/Varien/Db/Statement/Pdo/Mysql.php(110): Zend_Db_Statement_Pdo->_execute(Array)
#1 /var/www/html/comerciodoboi/lib/Zend/Db/Statement.php(300): Varien_Db_Statement_Pdo_Mysql->_execute(Array)
#2 /var/www/html/comerciodoboi/lib/Zend/Db/Adapter/Abstract.php(479): Zend_Db_Statement->execute(Array)
#3 /var/www/html/comerciodoboi/lib/Zend/Db/Adapter/Pdo/Abstract.php(238): Zend_Db_Adapter_Abstract->query('INSERT INTO `jo...', Array)
#4 /var/www/html/comerciodoboi/lib/Varien/Db/Adapter/Pdo/Mysql.php(419): Zend_Db_Adapter_Pdo_Abstract->query('INSERT INTO `jo...', Array)
#5 /var/www/html/comerciodoboi/lib/Zend/Db/Adapter/Abstract.php(574): Varien_Db_Adapter_Pdo_Mysql->query('INSERT INTO `jo...', Array)
#6 /var/www/html/comerciodoboi/app/code/core/Mage/Core/Model/Resource/Db/Abstract.php(453): Zend_Db_Adapter_Abstract->insert('jorgepedro_leil...', Array)
#7 /var/www/html/comerciodoboi/app/code/core/Mage/Core/Model/Abstract.php(318): Mage_Core_Model_Resource_Db_Abstract->save(Object(JorgePedro_Leilao_Model_Leiloeiro))
#8 /var/www/html/comerciodoboi/app/code/local/JorgePedro/Leilao/Model/Observer.php(12): Mage_Core_Model_Abstract->save()
#9 /var/www/html/comerciodoboi/app/code/core/Mage/Core/Model/App.php(1338): JorgePedro_Leilao_Model_Observer->createUser(Object(Varien_Event_Observer))
#10 /var/www/html/comerciodoboi/app/code/core/Mage/Core/Model/App.php(1317): Mage_Core_Model_App->_callObserverMethod(Object(JorgePedro_Leilao_Model_Observer), 'createUser', Object(Varien_Event_Observer))
#11 /var/www/html/comerciodoboi/app/Mage.php(447): Mage_Core_Model_App->dispatchEvent('customer_regist...', Array)
#12 /var/www/html/comerciodoboi/app/code/core/Mage/Customer/controllers/AccountController.php(337): Mage::dispatchEvent('customer_regist...', Array)
#13 /var/www/html/comerciodoboi/app/code/core/Mage/Core/Controller/Varien/Action.php(419): Mage_Customer_AccountController->createPostAction()
#14 /var/www/html/comerciodoboi/app/code/core/Mage/Core/Controller/Varien/Router/Standard.php(250): Mage_Core_Controller_Varien_Action->dispatch('createpost')
#15 /var/www/html/comerciodoboi/app/code/core/Mage/Core/Controller/Varien/Front.php(176): Mage_Core_Controller_Varien_Router_Standard->match(Object(Mage_Core_Controller_Request_Http))
#16 /var/www/html/comerciodoboi/app/code/core/Mage/Core/Model/App.php(354): Mage_Core_Controller_Varien_Front->dispatch()
#17 /var/www/html/comerciodoboi/app/Mage.php(683): Mage_Core_Model_App->run(Array)
#18 /var/www/html/comerciodoboi/index.php(87): Mage::run('', 'store')
#19 {main}
2015-07-22T00:39:01+00:00 DEBUG (7): Exception message: SQLSTATE[23000]: Integrity constraint violation: 1452 Cannot add or update a child row: a foreign key constraint fails (`comerciodoboi`.`jorgepedro_leilao_leiloeiro`, CONSTRAINT `FK_JORGEPEDRO_LEILAO_LEILOEIRO_ID_CUSTOMER` FOREIGN KEY (`id_customer`) REFERENCES `customer_entity` (`entity_id`) ON DELETE CASCADE )
Trace: #0 /var/www/html/comerciodoboi/lib/Varien/Db/Statement/Pdo/Mysql.php(110): Zend_Db_Statement_Pdo->_execute(Array)
#1 /var/www/html/comerciodoboi/lib/Zend/Db/Statement.php(300): Varien_Db_Statement_Pdo_Mysql->_execute(Array)
#2 /var/www/html/comerciodoboi/lib/Zend/Db/Adapter/Abstract.php(479): Zend_Db_Statement->execute(Array)
#3 /var/www/html/comerciodoboi/lib/Zend/Db/Adapter/Pdo/Abstract.php(238): Zend_Db_Adapter_Abstract->query('INSERT INTO `jo...', Array)
#4 /var/www/html/comerciodoboi/lib/Varien/Db/Adapter/Pdo/Mysql.php(419): Zend_Db_Adapter_Pdo_Abstract->query('INSERT INTO `jo...', Array)
#5 /var/www/html/comerciodoboi/lib/Zend/Db/Adapter/Abstract.php(574): Varien_Db_Adapter_Pdo_Mysql->query('INSERT INTO `jo...', Array)
#6 /var/www/html/comerciodoboi/app/code/core/Mage/Core/Model/Resource/Db/Abstract.php(453): Zend_Db_Adapter_Abstract->insert('jorgepedro_leil...', Array)
#7 /var/www/html/comerciodoboi/app/code/core/Mage/Core/Model/Abstract.php(318): Mage_Core_Model_Resource_Db_Abstract->save(Object(JorgePedro_Leilao_Model_Leiloeiro))
#8 /var/www/html/comerciodoboi/app/code/local/JorgePedro/Leilao/Model/Observer.php(12): Mage_Core_Model_Abstract->save()
#9 /var/www/html/comerciodoboi/app/code/core/Mage/Core/Model/App.php(1338): JorgePedro_Leilao_Model_Observer->createUser(Object(Varien_Event_Observer))
#10 /var/www/html/comerciodoboi/app/code/core/Mage/Core/Model/App.php(1317): Mage_Core_Model_App->_callObserverMethod(Object(JorgePedro_Leilao_Model_Observer), 'createUser', Object(Varien_Event_Observer))
#11 /var/www/html/comerciodoboi/app/Mage.php(447): Mage_Core_Model_App->dispatchEvent('customer_regist...', Array)
#12 /var/www/html/comerciodoboi/app/code/core/Mage/Customer/controllers/AccountController.php(337): Mage::dispatchEvent('customer_regist...', Array)
#13 /var/www/html/comerciodoboi/app/code/core/Mage/Core/Controller/Varien/Action.php(419): Mage_Customer_AccountController->createPostAction()
#14 /var/www/html/comerciodoboi/app/code/core/Mage/Core/Controller/Varien/Router/Standard.php(250): Mage_Core_Controller_Varien_Action->dispatch('createpost')
#15 /var/www/html/comerciodoboi/app/code/core/Mage/Core/Controller/Varien/Front.php(176): Mage_Core_Controller_Varien_Router_Standard->match(Object(Mage_Core_Controller_Request_Http))
#16 /var/www/html/comerciodoboi/app/code/core/Mage/Core/Model/App.php(354): Mage_Core_Controller_Varien_Front->dispatch()
#17 /var/www/html/comerciodoboi/app/Mage.php(683): Mage_Core_Model_App->run(Array)
#18 /var/www/html/comerciodoboi/index.php(87): Mage::run('', 'store')
#19 {main}
2015-07-22T00:58:46+00:00 DEBUG (7): Exception message: SQLSTATE[23000]: Integrity constraint violation: 1452 Cannot add or update a child row: a foreign key constraint fails (`comerciodoboi`.`jorgepedro_leilao_leiloeiro`, CONSTRAINT `FK_JORGEPEDRO_LEILAO_LEILOEIRO_ID_CUSTOMER` FOREIGN KEY (`id_customer`) REFERENCES `customer_entity` (`entity_id`) ON DELETE CASCADE )
Trace: #0 /var/www/html/comerciodoboi/lib/Varien/Db/Statement/Pdo/Mysql.php(110): Zend_Db_Statement_Pdo->_execute(Array)
#1 /var/www/html/comerciodoboi/lib/Zend/Db/Statement.php(300): Varien_Db_Statement_Pdo_Mysql->_execute(Array)
#2 /var/www/html/comerciodoboi/lib/Zend/Db/Adapter/Abstract.php(479): Zend_Db_Statement->execute(Array)
#3 /var/www/html/comerciodoboi/lib/Zend/Db/Adapter/Pdo/Abstract.php(238): Zend_Db_Adapter_Abstract->query('INSERT INTO `jo...', Array)
#4 /var/www/html/comerciodoboi/lib/Varien/Db/Adapter/Pdo/Mysql.php(419): Zend_Db_Adapter_Pdo_Abstract->query('INSERT INTO `jo...', Array)
#5 /var/www/html/comerciodoboi/lib/Zend/Db/Adapter/Abstract.php(574): Varien_Db_Adapter_Pdo_Mysql->query('INSERT INTO `jo...', Array)
#6 /var/www/html/comerciodoboi/app/code/core/Mage/Core/Model/Resource/Db/Abstract.php(453): Zend_Db_Adapter_Abstract->insert('jorgepedro_leil...', Array)
#7 /var/www/html/comerciodoboi/app/code/core/Mage/Core/Model/Abstract.php(318): Mage_Core_Model_Resource_Db_Abstract->save(Object(JorgePedro_Leilao_Model_Leiloeiro))
#8 /var/www/html/comerciodoboi/app/code/local/JorgePedro/Leilao/Model/Observer.php(12): Mage_Core_Model_Abstract->save()
#9 /var/www/html/comerciodoboi/app/code/core/Mage/Core/Model/App.php(1338): JorgePedro_Leilao_Model_Observer->createUser(Object(Varien_Event_Observer))
#10 /var/www/html/comerciodoboi/app/code/core/Mage/Core/Model/App.php(1311): Mage_Core_Model_App->_callObserverMethod(Object(JorgePedro_Leilao_Model_Observer), 'createUser', Object(Varien_Event_Observer))
#11 /var/www/html/comerciodoboi/app/Mage.php(447): Mage_Core_Model_App->dispatchEvent('customer_regist...', Array)
#12 /var/www/html/comerciodoboi/app/code/core/Mage/Customer/controllers/AccountController.php(337): Mage::dispatchEvent('customer_regist...', Array)
#13 /var/www/html/comerciodoboi/app/code/core/Mage/Core/Controller/Varien/Action.php(419): Mage_Customer_AccountController->createPostAction()
#14 /var/www/html/comerciodoboi/app/code/core/Mage/Core/Controller/Varien/Router/Standard.php(250): Mage_Core_Controller_Varien_Action->dispatch('createpost')
#15 /var/www/html/comerciodoboi/app/code/core/Mage/Core/Controller/Varien/Front.php(176): Mage_Core_Controller_Varien_Router_Standard->match(Object(Mage_Core_Controller_Request_Http))
#16 /var/www/html/comerciodoboi/app/code/core/Mage/Core/Model/App.php(354): Mage_Core_Controller_Varien_Front->dispatch()
#17 /var/www/html/comerciodoboi/app/Mage.php(683): Mage_Core_Model_App->run(Array)
#18 /var/www/html/comerciodoboi/index.php(87): Mage::run('', 'store')
#19 {main}
2015-07-22T01:02:17+00:00 DEBUG (7): Exception message: SQLSTATE[23000]: Integrity constraint violation: 1452 Cannot add or update a child row: a foreign key constraint fails (`comerciodoboi`.`jorgepedro_leilao_leiloeiro`, CONSTRAINT `FK_JORGEPEDRO_LEILAO_LEILOEIRO_ID_CUSTOMER` FOREIGN KEY (`id_customer`) REFERENCES `customer_entity` (`entity_id`) ON DELETE CASCADE )
Trace: #0 /var/www/html/comerciodoboi/lib/Varien/Db/Statement/Pdo/Mysql.php(110): Zend_Db_Statement_Pdo->_execute(Array)
#1 /var/www/html/comerciodoboi/lib/Zend/Db/Statement.php(300): Varien_Db_Statement_Pdo_Mysql->_execute(Array)
#2 /var/www/html/comerciodoboi/lib/Zend/Db/Adapter/Abstract.php(479): Zend_Db_Statement->execute(Array)
#3 /var/www/html/comerciodoboi/lib/Zend/Db/Adapter/Pdo/Abstract.php(238): Zend_Db_Adapter_Abstract->query('INSERT INTO `jo...', Array)
#4 /var/www/html/comerciodoboi/lib/Varien/Db/Adapter/Pdo/Mysql.php(419): Zend_Db_Adapter_Pdo_Abstract->query('INSERT INTO `jo...', Array)
#5 /var/www/html/comerciodoboi/lib/Zend/Db/Adapter/Abstract.php(574): Varien_Db_Adapter_Pdo_Mysql->query('INSERT INTO `jo...', Array)
#6 /var/www/html/comerciodoboi/app/code/core/Mage/Core/Model/Resource/Db/Abstract.php(453): Zend_Db_Adapter_Abstract->insert('jorgepedro_leil...', Array)
#7 /var/www/html/comerciodoboi/app/code/core/Mage/Core/Model/Abstract.php(318): Mage_Core_Model_Resource_Db_Abstract->save(Object(JorgePedro_Leilao_Model_Leiloeiro))
#8 /var/www/html/comerciodoboi/app/code/local/JorgePedro/Leilao/Model/Observer.php(12): Mage_Core_Model_Abstract->save()
#9 /var/www/html/comerciodoboi/app/code/core/Mage/Core/Model/App.php(1338): JorgePedro_Leilao_Model_Observer->createUser(Object(Varien_Event_Observer))
#10 /var/www/html/comerciodoboi/app/code/core/Mage/Core/Model/App.php(1311): Mage_Core_Model_App->_callObserverMethod(Object(JorgePedro_Leilao_Model_Observer), 'createUser', Object(Varien_Event_Observer))
#11 /var/www/html/comerciodoboi/app/Mage.php(447): Mage_Core_Model_App->dispatchEvent('customer_save_a...', Array)
#12 /var/www/html/comerciodoboi/app/code/core/Mage/Core/Model/Abstract.php(466): Mage::dispatchEvent('customer_save_a...', Array)
#13 /var/www/html/comerciodoboi/app/code/core/Mage/Core/Model/Abstract.php(319): Mage_Core_Model_Abstract->_afterSave()
#14 /var/www/html/comerciodoboi/app/code/core/Mage/Customer/controllers/AccountController.php(333): Mage_Core_Model_Abstract->save()
#15 /var/www/html/comerciodoboi/app/code/core/Mage/Core/Controller/Varien/Action.php(419): Mage_Customer_AccountController->createPostAction()
#16 /var/www/html/comerciodoboi/app/code/core/Mage/Core/Controller/Varien/Router/Standard.php(250): Mage_Core_Controller_Varien_Action->dispatch('createpost')
#17 /var/www/html/comerciodoboi/app/code/core/Mage/Core/Controller/Varien/Front.php(176): Mage_Core_Controller_Varien_Router_Standard->match(Object(Mage_Core_Controller_Request_Http))
#18 /var/www/html/comerciodoboi/app/code/core/Mage/Core/Model/App.php(354): Mage_Core_Controller_Varien_Front->dispatch()
#19 /var/www/html/comerciodoboi/app/Mage.php(683): Mage_Core_Model_App->run(Array)
#20 /var/www/html/comerciodoboi/index.php(87): Mage::run('', 'store')
#21 {main}
2015-07-22T01:05:31+00:00 DEBUG (7): Exception message: SQLSTATE[23000]: Integrity constraint violation: 1452 Cannot add or update a child row: a foreign key constraint fails (`comerciodoboi`.`jorgepedro_leilao_leiloeiro`, CONSTRAINT `FK_JORGEPEDRO_LEILAO_LEILOEIRO_ID_CUSTOMER` FOREIGN KEY (`id_customer`) REFERENCES `customer_entity` (`entity_id`) ON DELETE CASCADE )
Trace: #0 /var/www/html/comerciodoboi/lib/Varien/Db/Statement/Pdo/Mysql.php(110): Zend_Db_Statement_Pdo->_execute(Array)
#1 /var/www/html/comerciodoboi/lib/Zend/Db/Statement.php(300): Varien_Db_Statement_Pdo_Mysql->_execute(Array)
#2 /var/www/html/comerciodoboi/lib/Zend/Db/Adapter/Abstract.php(479): Zend_Db_Statement->execute(Array)
#3 /var/www/html/comerciodoboi/lib/Zend/Db/Adapter/Pdo/Abstract.php(238): Zend_Db_Adapter_Abstract->query('INSERT INTO `jo...', Array)
#4 /var/www/html/comerciodoboi/lib/Varien/Db/Adapter/Pdo/Mysql.php(419): Zend_Db_Adapter_Pdo_Abstract->query('INSERT INTO `jo...', Array)
#5 /var/www/html/comerciodoboi/lib/Zend/Db/Adapter/Abstract.php(574): Varien_Db_Adapter_Pdo_Mysql->query('INSERT INTO `jo...', Array)
#6 /var/www/html/comerciodoboi/app/code/core/Mage/Core/Model/Resource/Db/Abstract.php(453): Zend_Db_Adapter_Abstract->insert('jorgepedro_leil...', Array)
#7 /var/www/html/comerciodoboi/app/code/core/Mage/Core/Model/Abstract.php(318): Mage_Core_Model_Resource_Db_Abstract->save(Object(JorgePedro_Leilao_Model_Leiloeiro))
#8 /var/www/html/comerciodoboi/app/code/local/JorgePedro/Leilao/Model/Observer.php(12): Mage_Core_Model_Abstract->save()
#9 /var/www/html/comerciodoboi/app/code/core/Mage/Core/Model/App.php(1338): JorgePedro_Leilao_Model_Observer->createUser(Object(Varien_Event_Observer))
#10 /var/www/html/comerciodoboi/app/code/core/Mage/Core/Model/App.php(1311): Mage_Core_Model_App->_callObserverMethod(Object(JorgePedro_Leilao_Model_Observer), 'createUser', Object(Varien_Event_Observer))
#11 /var/www/html/comerciodoboi/app/Mage.php(447): Mage_Core_Model_App->dispatchEvent('customer_save_a...', Array)
#12 /var/www/html/comerciodoboi/app/code/core/Mage/Core/Model/Abstract.php(466): Mage::dispatchEvent('customer_save_a...', Array)
#13 /var/www/html/comerciodoboi/app/code/core/Mage/Core/Model/Abstract.php(319): Mage_Core_Model_Abstract->_afterSave()
#14 /var/www/html/comerciodoboi/app/code/core/Mage/Customer/controllers/AccountController.php(333): Mage_Core_Model_Abstract->save()
#15 /var/www/html/comerciodoboi/app/code/core/Mage/Core/Controller/Varien/Action.php(419): Mage_Customer_AccountController->createPostAction()
#16 /var/www/html/comerciodoboi/app/code/core/Mage/Core/Controller/Varien/Router/Standard.php(250): Mage_Core_Controller_Varien_Action->dispatch('createpost')
#17 /var/www/html/comerciodoboi/app/code/core/Mage/Core/Controller/Varien/Front.php(176): Mage_Core_Controller_Varien_Router_Standard->match(Object(Mage_Core_Controller_Request_Http))
#18 /var/www/html/comerciodoboi/app/code/core/Mage/Core/Model/App.php(354): Mage_Core_Controller_Varien_Front->dispatch()
#19 /var/www/html/comerciodoboi/app/Mage.php(683): Mage_Core_Model_App->run(Array)
#20 /var/www/html/comerciodoboi/index.php(87): Mage::run('', 'store')
#21 {main}
2015-07-22T01:16:43+00:00 DEBUG (7): Exception message: SQLSTATE[23000]: Integrity constraint violation: 1452 Cannot add or update a child row: a foreign key constraint fails (`comerciodoboi`.`jorgepedro_leilao_leiloeiro`, CONSTRAINT `FK_JORGEPEDRO_LEILAO_LEILOEIRO_ID_CUSTOMER` FOREIGN KEY (`id_customer`) REFERENCES `customer_entity` (`entity_id`) ON DELETE CASCADE )
Trace: #0 /var/www/html/comerciodoboi/lib/Varien/Db/Statement/Pdo/Mysql.php(110): Zend_Db_Statement_Pdo->_execute(Array)
#1 /var/www/html/comerciodoboi/lib/Zend/Db/Statement.php(300): Varien_Db_Statement_Pdo_Mysql->_execute(Array)
#2 /var/www/html/comerciodoboi/lib/Zend/Db/Adapter/Abstract.php(479): Zend_Db_Statement->execute(Array)
#3 /var/www/html/comerciodoboi/lib/Zend/Db/Adapter/Pdo/Abstract.php(238): Zend_Db_Adapter_Abstract->query('INSERT INTO `jo...', Array)
#4 /var/www/html/comerciodoboi/lib/Varien/Db/Adapter/Pdo/Mysql.php(419): Zend_Db_Adapter_Pdo_Abstract->query('INSERT INTO `jo...', Array)
#5 /var/www/html/comerciodoboi/lib/Zend/Db/Adapter/Abstract.php(574): Varien_Db_Adapter_Pdo_Mysql->query('INSERT INTO `jo...', Array)
#6 /var/www/html/comerciodoboi/app/code/core/Mage/Core/Model/Resource/Db/Abstract.php(453): Zend_Db_Adapter_Abstract->insert('jorgepedro_leil...', Array)
#7 /var/www/html/comerciodoboi/app/code/core/Mage/Core/Model/Abstract.php(318): Mage_Core_Model_Resource_Db_Abstract->save(Object(JorgePedro_Leilao_Model_Leiloeiro))
#8 /var/www/html/comerciodoboi/app/code/local/JorgePedro/Leilao/Model/Observer.php(12): Mage_Core_Model_Abstract->save()
#9 /var/www/html/comerciodoboi/app/code/core/Mage/Core/Model/App.php(1338): JorgePedro_Leilao_Model_Observer->createUser(Object(Varien_Event_Observer))
#10 /var/www/html/comerciodoboi/app/code/core/Mage/Core/Model/App.php(1317): Mage_Core_Model_App->_callObserverMethod(Object(JorgePedro_Leilao_Model_Observer), 'createUser', Object(Varien_Event_Observer))
#11 /var/www/html/comerciodoboi/app/Mage.php(447): Mage_Core_Model_App->dispatchEvent('customer_save_a...', Array)
#12 /var/www/html/comerciodoboi/app/code/core/Mage/Core/Model/Abstract.php(466): Mage::dispatchEvent('customer_save_a...', Array)
#13 /var/www/html/comerciodoboi/app/code/core/Mage/Core/Model/Abstract.php(319): Mage_Core_Model_Abstract->_afterSave()
#14 /var/www/html/comerciodoboi/app/code/core/Mage/Customer/controllers/AccountController.php(333): Mage_Core_Model_Abstract->save()
#15 /var/www/html/comerciodoboi/app/code/core/Mage/Core/Controller/Varien/Action.php(419): Mage_Customer_AccountController->createPostAction()
#16 /var/www/html/comerciodoboi/app/code/core/Mage/Core/Controller/Varien/Router/Standard.php(250): Mage_Core_Controller_Varien_Action->dispatch('createpost')
#17 /var/www/html/comerciodoboi/app/code/core/Mage/Core/Controller/Varien/Front.php(176): Mage_Core_Controller_Varien_Router_Standard->match(Object(Mage_Core_Controller_Request_Http))
#18 /var/www/html/comerciodoboi/app/code/core/Mage/Core/Model/App.php(354): Mage_Core_Controller_Varien_Front->dispatch()
#19 /var/www/html/comerciodoboi/app/Mage.php(683): Mage_Core_Model_App->run(Array)
#20 /var/www/html/comerciodoboi/index.php(87): Mage::run('', 'store')
#21 {main}
2015-07-22T01:24:14+00:00 ERR (3): 
exception 'Zend_Mail_Transport_Exception' with message 'Unable to send mail. ' in /var/www/html/comerciodoboi/lib/Zend/Mail/Transport/Sendmail.php:137
Stack trace:
#0 /var/www/html/comerciodoboi/lib/Zend/Mail/Transport/Abstract.php(348): Zend_Mail_Transport_Sendmail->_sendMail()
#1 /var/www/html/comerciodoboi/lib/Zend/Mail.php(1194): Zend_Mail_Transport_Abstract->send(Object(Zend_Mail))
#2 /var/www/html/comerciodoboi/app/code/core/Mage/Core/Model/Email/Template.php(454): Zend_Mail->send()
#3 /var/www/html/comerciodoboi/app/code/core/Mage/Core/Model/Email/Template.php(506): Mage_Core_Model_Email_Template->send(Array, Array, Array)
#4 /var/www/html/comerciodoboi/app/code/core/Mage/Core/Model/Email/Template/Mailer.php(79): Mage_Core_Model_Email_Template->sendTransactional('customer_create...', 'general', Array, Array, Array, '1')
#5 /var/www/html/comerciodoboi/app/code/core/Mage/Customer/Model/Customer.php(650): Mage_Core_Model_Email_Template_Mailer->send()
#6 /var/www/html/comerciodoboi/app/code/core/Mage/Customer/Model/Customer.php(577): Mage_Customer_Model_Customer->_sendEmailTemplate('customer/create...', 'customer/create...', Array, '1')
#7 /var/www/html/comerciodoboi/app/code/core/Mage/Customer/controllers/AccountController.php(414): Mage_Customer_Model_Customer->sendNewAccountEmail('registered', '', '1')
#8 /var/www/html/comerciodoboi/app/code/core/Mage/Customer/controllers/AccountController.php(350): Mage_Customer_AccountController->_welcomeCustomer(Object(Mage_Customer_Model_Customer))
#9 /var/www/html/comerciodoboi/app/code/core/Mage/Core/Controller/Varien/Action.php(419): Mage_Customer_AccountController->createPostAction()
#10 /var/www/html/comerciodoboi/app/code/core/Mage/Core/Controller/Varien/Router/Standard.php(250): Mage_Core_Controller_Varien_Action->dispatch('createpost')
#11 /var/www/html/comerciodoboi/app/code/core/Mage/Core/Controller/Varien/Front.php(176): Mage_Core_Controller_Varien_Router_Standard->match(Object(Mage_Core_Controller_Request_Http))
#12 /var/www/html/comerciodoboi/app/code/core/Mage/Core/Model/App.php(354): Mage_Core_Controller_Varien_Front->dispatch()
#13 /var/www/html/comerciodoboi/app/Mage.php(683): Mage_Core_Model_App->run(Array)
#14 /var/www/html/comerciodoboi/index.php(87): Mage::run('', 'store')
#15 {main}
2015-07-22T01:24:25+00:00 ERR (3): 
exception 'Mage_Core_Exception' with message 'Tipo de bloco inválido: Mage_Cliente_Block_Customer_Account_Dashboard_Hello' in /var/www/html/comerciodoboi/app/Mage.php:594
Stack trace:
#0 /var/www/html/comerciodoboi/app/code/core/Mage/Core/Model/Layout.php(495): Mage::throwException('Tipo de bloco i...')
#1 /var/www/html/comerciodoboi/app/code/core/Mage/Core/Model/Layout.php(437): Mage_Core_Model_Layout->_getBlockInstance('cliente/custome...', Array)
#2 /var/www/html/comerciodoboi/app/code/core/Mage/Core/Model/Layout.php(472): Mage_Core_Model_Layout->createBlock('cliente/custome...', 'cliente_custome...')
#3 /var/www/html/comerciodoboi/app/code/core/Mage/Core/Model/Layout.php(239): Mage_Core_Model_Layout->addBlock('cliente/custome...', 'cliente_custome...')
#4 /var/www/html/comerciodoboi/app/code/core/Mage/Core/Model/Layout.php(205): Mage_Core_Model_Layout->_generateBlock(Object(Mage_Core_Model_Layout_Element), Object(Mage_Core_Model_Layout_Element))
#5 /var/www/html/comerciodoboi/app/code/core/Mage/Core/Model/Layout.php(210): Mage_Core_Model_Layout->generateBlocks(Object(Mage_Core_Model_Layout_Element))
#6 /var/www/html/comerciodoboi/app/code/core/Mage/Core/Controller/Varien/Action.php(344): Mage_Core_Model_Layout->generateBlocks()
#7 /var/www/html/comerciodoboi/app/code/core/Mage/Core/Controller/Varien/Action.php(269): Mage_Core_Controller_Varien_Action->generateLayoutBlocks()
#8 /var/www/html/comerciodoboi/app/code/core/Mage/Customer/controllers/AccountController.php(107): Mage_Core_Controller_Varien_Action->loadLayout()
#9 /var/www/html/comerciodoboi/app/code/core/Mage/Core/Controller/Varien/Action.php(419): Mage_Customer_AccountController->indexAction()
#10 /var/www/html/comerciodoboi/app/code/core/Mage/Core/Controller/Varien/Router/Standard.php(250): Mage_Core_Controller_Varien_Action->dispatch('index')
#11 /var/www/html/comerciodoboi/app/code/core/Mage/Core/Controller/Varien/Front.php(176): Mage_Core_Controller_Varien_Router_Standard->match(Object(Mage_Core_Controller_Request_Http))
#12 /var/www/html/comerciodoboi/app/code/core/Mage/Core/Model/App.php(354): Mage_Core_Controller_Varien_Front->dispatch()
#13 /var/www/html/comerciodoboi/app/Mage.php(683): Mage_Core_Model_App->run(Array)
#14 /var/www/html/comerciodoboi/index.php(87): Mage::run('', 'store')
#15 {main}
2015-07-22T01:29:43+00:00 DEBUG (7): Exception message: SQLSTATE[23000]: Integrity constraint violation: 1452 Cannot add or update a child row: a foreign key constraint fails (`comerciodoboi`.`jorgepedro_leilao_leiloeiro`, CONSTRAINT `FK_JORGEPEDRO_LEILAO_LEILOEIRO_ID_CUSTOMER` FOREIGN KEY (`id_customer`) REFERENCES `customer_entity` (`entity_id`) ON DELETE CASCADE )
Trace: #0 /var/www/html/comerciodoboi/lib/Varien/Db/Statement/Pdo/Mysql.php(110): Zend_Db_Statement_Pdo->_execute(Array)
#1 /var/www/html/comerciodoboi/lib/Zend/Db/Statement.php(300): Varien_Db_Statement_Pdo_Mysql->_execute(Array)
#2 /var/www/html/comerciodoboi/lib/Zend/Db/Adapter/Abstract.php(479): Zend_Db_Statement->execute(Array)
#3 /var/www/html/comerciodoboi/lib/Zend/Db/Adapter/Pdo/Abstract.php(238): Zend_Db_Adapter_Abstract->query('INSERT INTO `jo...', Array)
#4 /var/www/html/comerciodoboi/lib/Varien/Db/Adapter/Pdo/Mysql.php(419): Zend_Db_Adapter_Pdo_Abstract->query('INSERT INTO `jo...', Array)
#5 /var/www/html/comerciodoboi/lib/Zend/Db/Adapter/Abstract.php(574): Varien_Db_Adapter_Pdo_Mysql->query('INSERT INTO `jo...', Array)
#6 /var/www/html/comerciodoboi/app/code/core/Mage/Core/Model/Resource/Db/Abstract.php(453): Zend_Db_Adapter_Abstract->insert('jorgepedro_leil...', Array)
#7 /var/www/html/comerciodoboi/app/code/core/Mage/Core/Model/Abstract.php(318): Mage_Core_Model_Resource_Db_Abstract->save(Object(JorgePedro_Leilao_Model_Leiloeiro))
#8 /var/www/html/comerciodoboi/app/code/local/JorgePedro/Leilao/Model/Observer.php(12): Mage_Core_Model_Abstract->save()
#9 /var/www/html/comerciodoboi/app/code/core/Mage/Core/Model/App.php(1338): JorgePedro_Leilao_Model_Observer->createUser(Object(Varien_Event_Observer))
#10 /var/www/html/comerciodoboi/app/code/core/Mage/Core/Model/App.php(1317): Mage_Core_Model_App->_callObserverMethod(Object(JorgePedro_Leilao_Model_Observer), 'createUser', Object(Varien_Event_Observer))
#11 /var/www/html/comerciodoboi/app/Mage.php(447): Mage_Core_Model_App->dispatchEvent('customer_regist...', Array)
#12 /var/www/html/comerciodoboi/app/code/core/Mage/Customer/controllers/AccountController.php(337): Mage::dispatchEvent('customer_regist...', Array)
#13 /var/www/html/comerciodoboi/app/code/core/Mage/Core/Controller/Varien/Action.php(419): Mage_Customer_AccountController->createPostAction()
#14 /var/www/html/comerciodoboi/app/code/core/Mage/Core/Controller/Varien/Router/Standard.php(250): Mage_Core_Controller_Varien_Action->dispatch('createpost')
#15 /var/www/html/comerciodoboi/app/code/core/Mage/Core/Controller/Varien/Front.php(176): Mage_Core_Controller_Varien_Router_Standard->match(Object(Mage_Core_Controller_Request_Http))
#16 /var/www/html/comerciodoboi/app/code/core/Mage/Core/Model/App.php(354): Mage_Core_Controller_Varien_Front->dispatch()
#17 /var/www/html/comerciodoboi/app/Mage.php(683): Mage_Core_Model_App->run(Array)
#18 /var/www/html/comerciodoboi/index.php(87): Mage::run('', 'store')
#19 {main}
2015-07-22T01:30:06+00:00 ERR (3): 
exception 'Zend_Mail_Transport_Exception' with message 'Unable to send mail. ' in /var/www/html/comerciodoboi/lib/Zend/Mail/Transport/Sendmail.php:137
Stack trace:
#0 /var/www/html/comerciodoboi/lib/Zend/Mail/Transport/Abstract.php(348): Zend_Mail_Transport_Sendmail->_sendMail()
#1 /var/www/html/comerciodoboi/lib/Zend/Mail.php(1194): Zend_Mail_Transport_Abstract->send(Object(Zend_Mail))
#2 /var/www/html/comerciodoboi/app/code/core/Mage/Core/Model/Email/Template.php(454): Zend_Mail->send()
#3 /var/www/html/comerciodoboi/app/code/core/Mage/Core/Model/Email/Template.php(506): Mage_Core_Model_Email_Template->send(Array, Array, Array)
#4 /var/www/html/comerciodoboi/app/code/core/Mage/Core/Model/Email/Template/Mailer.php(79): Mage_Core_Model_Email_Template->sendTransactional('customer_create...', 'general', Array, Array, Array, '1')
#5 /var/www/html/comerciodoboi/app/code/core/Mage/Customer/Model/Customer.php(650): Mage_Core_Model_Email_Template_Mailer->send()
#6 /var/www/html/comerciodoboi/app/code/core/Mage/Customer/Model/Customer.php(577): Mage_Customer_Model_Customer->_sendEmailTemplate('customer/create...', 'customer/create...', Array, '1')
#7 /var/www/html/comerciodoboi/app/code/core/Mage/Customer/controllers/AccountController.php(414): Mage_Customer_Model_Customer->sendNewAccountEmail('confirmed', '', '1')
#8 /var/www/html/comerciodoboi/app/code/core/Mage/Customer/controllers/AccountController.php(151): Mage_Customer_AccountController->_welcomeCustomer(Object(Mage_Customer_Model_Customer), true)
#9 /var/www/html/comerciodoboi/app/code/core/Mage/Core/Controller/Varien/Action.php(419): Mage_Customer_AccountController->loginPostAction()
#10 /var/www/html/comerciodoboi/app/code/core/Mage/Core/Controller/Varien/Router/Standard.php(250): Mage_Core_Controller_Varien_Action->dispatch('loginPost')
#11 /var/www/html/comerciodoboi/app/code/core/Mage/Core/Controller/Varien/Front.php(176): Mage_Core_Controller_Varien_Router_Standard->match(Object(Mage_Core_Controller_Request_Http))
#12 /var/www/html/comerciodoboi/app/code/core/Mage/Core/Model/App.php(354): Mage_Core_Controller_Varien_Front->dispatch()
#13 /var/www/html/comerciodoboi/app/Mage.php(683): Mage_Core_Model_App->run(Array)
#14 /var/www/html/comerciodoboi/index.php(87): Mage::run('', 'store')
#15 {main}
2015-07-22T01:30:07+00:00 ERR (3): 
exception 'Mage_Core_Exception' with message 'Tipo de bloco inválido: Mage_Cliente_Block_Customer_Account_Dashboard_Hello' in /var/www/html/comerciodoboi/app/Mage.php:594
Stack trace:
#0 /var/www/html/comerciodoboi/app/code/core/Mage/Core/Model/Layout.php(495): Mage::throwException('Tipo de bloco i...')
#1 /var/www/html/comerciodoboi/app/code/core/Mage/Core/Model/Layout.php(437): Mage_Core_Model_Layout->_getBlockInstance('cliente/custome...', Array)
#2 /var/www/html/comerciodoboi/app/code/core/Mage/Core/Model/Layout.php(472): Mage_Core_Model_Layout->createBlock('cliente/custome...', 'cliente_custome...')
#3 /var/www/html/comerciodoboi/app/code/core/Mage/Core/Model/Layout.php(239): Mage_Core_Model_Layout->addBlock('cliente/custome...', 'cliente_custome...')
#4 /var/www/html/comerciodoboi/app/code/core/Mage/Core/Model/Layout.php(205): Mage_Core_Model_Layout->_generateBlock(Object(Mage_Core_Model_Layout_Element), Object(Mage_Core_Model_Layout_Element))
#5 /var/www/html/comerciodoboi/app/code/core/Mage/Core/Model/Layout.php(210): Mage_Core_Model_Layout->generateBlocks(Object(Mage_Core_Model_Layout_Element))
#6 /var/www/html/comerciodoboi/app/code/core/Mage/Core/Controller/Varien/Action.php(344): Mage_Core_Model_Layout->generateBlocks()
#7 /var/www/html/comerciodoboi/app/code/core/Mage/Core/Controller/Varien/Action.php(269): Mage_Core_Controller_Varien_Action->generateLayoutBlocks()
#8 /var/www/html/comerciodoboi/app/code/core/Mage/Customer/controllers/AccountController.php(107): Mage_Core_Controller_Varien_Action->loadLayout()
#9 /var/www/html/comerciodoboi/app/code/core/Mage/Core/Controller/Varien/Action.php(419): Mage_Customer_AccountController->indexAction()
#10 /var/www/html/comerciodoboi/app/code/core/Mage/Core/Controller/Varien/Router/Standard.php(250): Mage_Core_Controller_Varien_Action->dispatch('index')
#11 /var/www/html/comerciodoboi/app/code/core/Mage/Core/Controller/Varien/Front.php(176): Mage_Core_Controller_Varien_Router_Standard->match(Object(Mage_Core_Controller_Request_Http))
#12 /var/www/html/comerciodoboi/app/code/core/Mage/Core/Model/App.php(354): Mage_Core_Controller_Varien_Front->dispatch()
#13 /var/www/html/comerciodoboi/app/Mage.php(683): Mage_Core_Model_App->run(Array)
#14 /var/www/html/comerciodoboi/index.php(87): Mage::run('', 'store')
#15 {main}
2015-07-22T01:30:18+00:00 ERR (3): 
exception 'Mage_Core_Exception' with message 'Tipo de bloco inválido: Mage_Cliente_Block_Customer_Account_Dashboard_Hello' in /var/www/html/comerciodoboi/app/Mage.php:594
Stack trace:
#0 /var/www/html/comerciodoboi/app/code/core/Mage/Core/Model/Layout.php(495): Mage::throwException('Tipo de bloco i...')
#1 /var/www/html/comerciodoboi/app/code/core/Mage/Core/Model/Layout.php(437): Mage_Core_Model_Layout->_getBlockInstance('cliente/custome...', Array)
#2 /var/www/html/comerciodoboi/app/code/core/Mage/Core/Model/Layout.php(472): Mage_Core_Model_Layout->createBlock('cliente/custome...', 'cliente_custome...')
#3 /var/www/html/comerciodoboi/app/code/core/Mage/Core/Model/Layout.php(239): Mage_Core_Model_Layout->addBlock('cliente/custome...', 'cliente_custome...')
#4 /var/www/html/comerciodoboi/app/code/core/Mage/Core/Model/Layout.php(205): Mage_Core_Model_Layout->_generateBlock(Object(Mage_Core_Model_Layout_Element), Object(Mage_Core_Model_Layout_Element))
#5 /var/www/html/comerciodoboi/app/code/core/Mage/Core/Model/Layout.php(210): Mage_Core_Model_Layout->generateBlocks(Object(Mage_Core_Model_Layout_Element))
#6 /var/www/html/comerciodoboi/app/code/core/Mage/Core/Controller/Varien/Action.php(344): Mage_Core_Model_Layout->generateBlocks()
#7 /var/www/html/comerciodoboi/app/code/core/Mage/Core/Controller/Varien/Action.php(269): Mage_Core_Controller_Varien_Action->generateLayoutBlocks()
#8 /var/www/html/comerciodoboi/app/code/core/Mage/Customer/controllers/AccountController.php(107): Mage_Core_Controller_Varien_Action->loadLayout()
#9 /var/www/html/comerciodoboi/app/code/core/Mage/Core/Controller/Varien/Action.php(419): Mage_Customer_AccountController->indexAction()
#10 /var/www/html/comerciodoboi/app/code/core/Mage/Core/Controller/Varien/Router/Standard.php(250): Mage_Core_Controller_Varien_Action->dispatch('index')
#11 /var/www/html/comerciodoboi/app/code/core/Mage/Core/Controller/Varien/Front.php(176): Mage_Core_Controller_Varien_Router_Standard->match(Object(Mage_Core_Controller_Request_Http))
#12 /var/www/html/comerciodoboi/app/code/core/Mage/Core/Model/App.php(354): Mage_Core_Controller_Varien_Front->dispatch()
#13 /var/www/html/comerciodoboi/app/Mage.php(683): Mage_Core_Model_App->run(Array)
#14 /var/www/html/comerciodoboi/index.php(87): Mage::run('', 'store')
#15 {main}
2015-07-22T13:04:31+00:00 DEBUG (7): Exception message: SQLSTATE[23000]: Integrity constraint violation: 1452 Cannot add or update a child row: a foreign key constraint fails (`comerciodoboi`.`jorgepedro_leilao_leiloeiro`, CONSTRAINT `FK_JORGEPEDRO_LEILAO_LEILOEIRO_ID_CUSTOMER` FOREIGN KEY (`id_customer`) REFERENCES `customer_entity` (`entity_id`) ON DELETE CASCADE )
Trace: #0 /var/www/html/comerciodoboi/lib/Varien/Db/Statement/Pdo/Mysql.php(110): Zend_Db_Statement_Pdo->_execute(Array)
#1 /var/www/html/comerciodoboi/lib/Zend/Db/Statement.php(300): Varien_Db_Statement_Pdo_Mysql->_execute(Array)
#2 /var/www/html/comerciodoboi/lib/Zend/Db/Adapter/Abstract.php(479): Zend_Db_Statement->execute(Array)
#3 /var/www/html/comerciodoboi/lib/Zend/Db/Adapter/Pdo/Abstract.php(238): Zend_Db_Adapter_Abstract->query('INSERT INTO `jo...', Array)
#4 /var/www/html/comerciodoboi/lib/Varien/Db/Adapter/Pdo/Mysql.php(419): Zend_Db_Adapter_Pdo_Abstract->query('INSERT INTO `jo...', Array)
#5 /var/www/html/comerciodoboi/lib/Zend/Db/Adapter/Abstract.php(574): Varien_Db_Adapter_Pdo_Mysql->query('INSERT INTO `jo...', Array)
#6 /var/www/html/comerciodoboi/app/code/core/Mage/Core/Model/Resource/Db/Abstract.php(453): Zend_Db_Adapter_Abstract->insert('jorgepedro_leil...', Array)
#7 /var/www/html/comerciodoboi/app/code/core/Mage/Core/Model/Abstract.php(318): Mage_Core_Model_Resource_Db_Abstract->save(Object(JorgePedro_Leilao_Model_Leiloeiro))
#8 /var/www/html/comerciodoboi/app/code/local/JorgePedro/Leilao/Model/Observer.php(14): Mage_Core_Model_Abstract->save()
#9 /var/www/html/comerciodoboi/app/code/core/Mage/Core/Model/App.php(1338): JorgePedro_Leilao_Model_Observer->createUser(Object(Varien_Event_Observer))
#10 /var/www/html/comerciodoboi/app/code/core/Mage/Core/Model/App.php(1317): Mage_Core_Model_App->_callObserverMethod(Object(JorgePedro_Leilao_Model_Observer), 'createUser', Object(Varien_Event_Observer))
#11 /var/www/html/comerciodoboi/app/Mage.php(447): Mage_Core_Model_App->dispatchEvent('customer_regist...', Array)
#12 /var/www/html/comerciodoboi/app/code/core/Mage/Customer/controllers/AccountController.php(337): Mage::dispatchEvent('customer_regist...', Array)
#13 /var/www/html/comerciodoboi/app/code/core/Mage/Core/Controller/Varien/Action.php(419): Mage_Customer_AccountController->createPostAction()
#14 /var/www/html/comerciodoboi/app/code/core/Mage/Core/Controller/Varien/Router/Standard.php(250): Mage_Core_Controller_Varien_Action->dispatch('createpost')
#15 /var/www/html/comerciodoboi/app/code/core/Mage/Core/Controller/Varien/Front.php(176): Mage_Core_Controller_Varien_Router_Standard->match(Object(Mage_Core_Controller_Request_Http))
#16 /var/www/html/comerciodoboi/app/code/core/Mage/Core/Model/App.php(354): Mage_Core_Controller_Varien_Front->dispatch()
#17 /var/www/html/comerciodoboi/app/Mage.php(683): Mage_Core_Model_App->run(Array)
#18 /var/www/html/comerciodoboi/index.php(87): Mage::run('', 'store')
#19 {main}
2015-07-22T18:16:07+00:00 DEBUG (7): Exception message: SQLSTATE[23000]: Integrity constraint violation: 1452 Cannot add or update a child row: a foreign key constraint fails (`comerciodoboi`.`jorgepedro_leilao_leiloeiro`, CONSTRAINT `FK_JORGEPEDRO_LEILAO_LEILOEIRO_ID_CUSTOMER` FOREIGN KEY (`id_customer`) REFERENCES `customer_entity` (`entity_id`) ON DELETE CASCADE )
Trace: #0 /var/www/html/comerciodoboi/lib/Varien/Db/Statement/Pdo/Mysql.php(110): Zend_Db_Statement_Pdo->_execute(Array)
#1 /var/www/html/comerciodoboi/lib/Zend/Db/Statement.php(300): Varien_Db_Statement_Pdo_Mysql->_execute(Array)
#2 /var/www/html/comerciodoboi/lib/Zend/Db/Adapter/Abstract.php(479): Zend_Db_Statement->execute(Array)
#3 /var/www/html/comerciodoboi/lib/Zend/Db/Adapter/Pdo/Abstract.php(238): Zend_Db_Adapter_Abstract->query('INSERT INTO `jo...', Array)
#4 /var/www/html/comerciodoboi/lib/Varien/Db/Adapter/Pdo/Mysql.php(419): Zend_Db_Adapter_Pdo_Abstract->query('INSERT INTO `jo...', Array)
#5 /var/www/html/comerciodoboi/lib/Zend/Db/Adapter/Abstract.php(574): Varien_Db_Adapter_Pdo_Mysql->query('INSERT INTO `jo...', Array)
#6 /var/www/html/comerciodoboi/app/code/core/Mage/Core/Model/Resource/Db/Abstract.php(453): Zend_Db_Adapter_Abstract->insert('jorgepedro_leil...', Array)
#7 /var/www/html/comerciodoboi/app/code/core/Mage/Core/Model/Abstract.php(318): Mage_Core_Model_Resource_Db_Abstract->save(Object(JorgePedro_Leilao_Model_Leiloeiro))
#8 /var/www/html/comerciodoboi/app/code/local/JorgePedro/Leilao/Model/Observer.php(14): Mage_Core_Model_Abstract->save()
#9 /var/www/html/comerciodoboi/app/code/core/Mage/Core/Model/App.php(1338): JorgePedro_Leilao_Model_Observer->createUser(Object(Varien_Event_Observer))
#10 /var/www/html/comerciodoboi/app/code/core/Mage/Core/Model/App.php(1317): Mage_Core_Model_App->_callObserverMethod(Object(JorgePedro_Leilao_Model_Observer), 'createUser', Object(Varien_Event_Observer))
#11 /var/www/html/comerciodoboi/app/Mage.php(447): Mage_Core_Model_App->dispatchEvent('customer_regist...', Array)
#12 /var/www/html/comerciodoboi/app/code/core/Mage/Customer/controllers/AccountController.php(337): Mage::dispatchEvent('customer_regist...', Array)
#13 /var/www/html/comerciodoboi/app/code/core/Mage/Core/Controller/Varien/Action.php(419): Mage_Customer_AccountController->createPostAction()
#14 /var/www/html/comerciodoboi/app/code/core/Mage/Core/Controller/Varien/Router/Standard.php(250): Mage_Core_Controller_Varien_Action->dispatch('createpost')
#15 /var/www/html/comerciodoboi/app/code/core/Mage/Core/Controller/Varien/Front.php(176): Mage_Core_Controller_Varien_Router_Standard->match(Object(Mage_Core_Controller_Request_Http))
#16 /var/www/html/comerciodoboi/app/code/core/Mage/Core/Model/App.php(354): Mage_Core_Controller_Varien_Front->dispatch()
#17 /var/www/html/comerciodoboi/app/Mage.php(683): Mage_Core_Model_App->run(Array)
#18 /var/www/html/comerciodoboi/index.php(87): Mage::run('', 'store')
#19 {main}
2015-07-22T18:30:28+00:00 DEBUG (7): Exception message: SQLSTATE[23000]: Integrity constraint violation: 1452 Cannot add or update a child row: a foreign key constraint fails (`comerciodoboi`.`jorgepedro_leilao_leiloeiro`, CONSTRAINT `FK_JORGEPEDRO_LEILAO_LEILOEIRO_ID_CUSTOMER` FOREIGN KEY (`id_customer`) REFERENCES `customer_entity` (`entity_id`) ON DELETE CASCADE )
Trace: #0 /var/www/html/comerciodoboi/lib/Varien/Db/Statement/Pdo/Mysql.php(110): Zend_Db_Statement_Pdo->_execute(Array)
#1 /var/www/html/comerciodoboi/lib/Zend/Db/Statement.php(300): Varien_Db_Statement_Pdo_Mysql->_execute(Array)
#2 /var/www/html/comerciodoboi/lib/Zend/Db/Adapter/Abstract.php(479): Zend_Db_Statement->execute(Array)
#3 /var/www/html/comerciodoboi/lib/Zend/Db/Adapter/Pdo/Abstract.php(238): Zend_Db_Adapter_Abstract->query('INSERT INTO `jo...', Array)
#4 /var/www/html/comerciodoboi/lib/Varien/Db/Adapter/Pdo/Mysql.php(419): Zend_Db_Adapter_Pdo_Abstract->query('INSERT INTO `jo...', Array)
#5 /var/www/html/comerciodoboi/lib/Zend/Db/Adapter/Abstract.php(574): Varien_Db_Adapter_Pdo_Mysql->query('INSERT INTO `jo...', Array)
#6 /var/www/html/comerciodoboi/app/code/core/Mage/Core/Model/Resource/Db/Abstract.php(453): Zend_Db_Adapter_Abstract->insert('jorgepedro_leil...', Array)
#7 /var/www/html/comerciodoboi/app/code/core/Mage/Core/Model/Abstract.php(318): Mage_Core_Model_Resource_Db_Abstract->save(Object(JorgePedro_Leilao_Model_Leiloeiro))
#8 /var/www/html/comerciodoboi/app/code/local/JorgePedro/Leilao/Model/Observer.php(14): Mage_Core_Model_Abstract->save()
#9 /var/www/html/comerciodoboi/app/code/core/Mage/Core/Model/App.php(1338): JorgePedro_Leilao_Model_Observer->createUser(Object(Varien_Event_Observer))
#10 /var/www/html/comerciodoboi/app/code/core/Mage/Core/Model/App.php(1317): Mage_Core_Model_App->_callObserverMethod(Object(JorgePedro_Leilao_Model_Observer), 'createUser', Object(Varien_Event_Observer))
#11 /var/www/html/comerciodoboi/app/Mage.php(447): Mage_Core_Model_App->dispatchEvent('customer_regist...', Array)
#12 /var/www/html/comerciodoboi/app/code/core/Mage/Customer/controllers/AccountController.php(337): Mage::dispatchEvent('customer_regist...', Array)
#13 /var/www/html/comerciodoboi/app/code/core/Mage/Core/Controller/Varien/Action.php(419): Mage_Customer_AccountController->createPostAction()
#14 /var/www/html/comerciodoboi/app/code/core/Mage/Core/Controller/Varien/Router/Standard.php(250): Mage_Core_Controller_Varien_Action->dispatch('createpost')
#15 /var/www/html/comerciodoboi/app/code/core/Mage/Core/Controller/Varien/Front.php(176): Mage_Core_Controller_Varien_Router_Standard->match(Object(Mage_Core_Controller_Request_Http))
#16 /var/www/html/comerciodoboi/app/code/core/Mage/Core/Model/App.php(354): Mage_Core_Controller_Varien_Front->dispatch()
#17 /var/www/html/comerciodoboi/app/Mage.php(683): Mage_Core_Model_App->run(Array)
#18 /var/www/html/comerciodoboi/index.php(87): Mage::run('', 'store')
#19 {main}
2015-07-22T18:32:06+00:00 DEBUG (7): Exception message: SQLSTATE[23000]: Integrity constraint violation: 1452 Cannot add or update a child row: a foreign key constraint fails (`comerciodoboi`.`jorgepedro_leilao_leiloeiro`, CONSTRAINT `FK_JORGEPEDRO_LEILAO_LEILOEIRO_ID_CUSTOMER` FOREIGN KEY (`id_customer`) REFERENCES `customer_entity` (`entity_id`) ON DELETE CASCADE )
Trace: #0 /var/www/html/comerciodoboi/lib/Varien/Db/Statement/Pdo/Mysql.php(110): Zend_Db_Statement_Pdo->_execute(Array)
#1 /var/www/html/comerciodoboi/lib/Zend/Db/Statement.php(300): Varien_Db_Statement_Pdo_Mysql->_execute(Array)
#2 /var/www/html/comerciodoboi/lib/Zend/Db/Adapter/Abstract.php(479): Zend_Db_Statement->execute(Array)
#3 /var/www/html/comerciodoboi/lib/Zend/Db/Adapter/Pdo/Abstract.php(238): Zend_Db_Adapter_Abstract->query('INSERT INTO `jo...', Array)
#4 /var/www/html/comerciodoboi/lib/Varien/Db/Adapter/Pdo/Mysql.php(419): Zend_Db_Adapter_Pdo_Abstract->query('INSERT INTO `jo...', Array)
#5 /var/www/html/comerciodoboi/lib/Zend/Db/Adapter/Abstract.php(574): Varien_Db_Adapter_Pdo_Mysql->query('INSERT INTO `jo...', Array)
#6 /var/www/html/comerciodoboi/app/code/core/Mage/Core/Model/Resource/Db/Abstract.php(453): Zend_Db_Adapter_Abstract->insert('jorgepedro_leil...', Array)
#7 /var/www/html/comerciodoboi/app/code/core/Mage/Core/Model/Abstract.php(318): Mage_Core_Model_Resource_Db_Abstract->save(Object(JorgePedro_Leilao_Model_Leiloeiro))
#8 /var/www/html/comerciodoboi/app/code/local/JorgePedro/Leilao/Model/Observer.php(15): Mage_Core_Model_Abstract->save()
#9 /var/www/html/comerciodoboi/app/code/core/Mage/Core/Model/App.php(1338): JorgePedro_Leilao_Model_Observer->createUser(Object(Varien_Event_Observer))
#10 /var/www/html/comerciodoboi/app/code/core/Mage/Core/Model/App.php(1317): Mage_Core_Model_App->_callObserverMethod(Object(JorgePedro_Leilao_Model_Observer), 'createUser', Object(Varien_Event_Observer))
#11 /var/www/html/comerciodoboi/app/Mage.php(447): Mage_Core_Model_App->dispatchEvent('customer_regist...', Array)
#12 /var/www/html/comerciodoboi/app/code/core/Mage/Customer/controllers/AccountController.php(337): Mage::dispatchEvent('customer_regist...', Array)
#13 /var/www/html/comerciodoboi/app/code/core/Mage/Core/Controller/Varien/Action.php(419): Mage_Customer_AccountController->createPostAction()
#14 /var/www/html/comerciodoboi/app/code/core/Mage/Core/Controller/Varien/Router/Standard.php(250): Mage_Core_Controller_Varien_Action->dispatch('createpost')
#15 /var/www/html/comerciodoboi/app/code/core/Mage/Core/Controller/Varien/Front.php(176): Mage_Core_Controller_Varien_Router_Standard->match(Object(Mage_Core_Controller_Request_Http))
#16 /var/www/html/comerciodoboi/app/code/core/Mage/Core/Model/App.php(354): Mage_Core_Controller_Varien_Front->dispatch()
#17 /var/www/html/comerciodoboi/app/Mage.php(683): Mage_Core_Model_App->run(Array)
#18 /var/www/html/comerciodoboi/index.php(87): Mage::run('', 'store')
#19 {main}
2015-07-23T21:02:38+00:00 ERR (3): 
exception 'Zend_Mail_Transport_Exception' with message 'Unable to send mail. ' in /var/www/html/comerciodoboi/lib/Zend/Mail/Transport/Sendmail.php:137
Stack trace:
#0 /var/www/html/comerciodoboi/lib/Zend/Mail/Transport/Abstract.php(348): Zend_Mail_Transport_Sendmail->_sendMail()
#1 /var/www/html/comerciodoboi/lib/Zend/Mail.php(1194): Zend_Mail_Transport_Abstract->send(Object(Zend_Mail))
#2 /var/www/html/comerciodoboi/app/code/core/Mage/Core/Model/Email/Template.php(454): Zend_Mail->send()
#3 /var/www/html/comerciodoboi/app/code/core/Mage/Core/Model/Email/Template.php(506): Mage_Core_Model_Email_Template->send(Array, Array, Array)
#4 /var/www/html/comerciodoboi/app/code/core/Mage/Core/Model/Email/Template/Mailer.php(79): Mage_Core_Model_Email_Template->sendTransactional('customer_create...', 'general', Array, Array, Array, '1')
#5 /var/www/html/comerciodoboi/app/code/core/Mage/Customer/Model/Customer.php(650): Mage_Core_Model_Email_Template_Mailer->send()
#6 /var/www/html/comerciodoboi/app/code/core/Mage/Customer/Model/Customer.php(577): Mage_Customer_Model_Customer->_sendEmailTemplate('customer/create...', 'customer/create...', Array, '1')
#7 /var/www/html/comerciodoboi/app/code/core/Mage/Customer/controllers/AccountController.php(414): Mage_Customer_Model_Customer->sendNewAccountEmail('registered', '', '1')
#8 /var/www/html/comerciodoboi/app/code/core/Mage/Customer/controllers/AccountController.php(350): Mage_Customer_AccountController->_welcomeCustomer(Object(Mage_Customer_Model_Customer))
#9 /var/www/html/comerciodoboi/app/code/core/Mage/Core/Controller/Varien/Action.php(419): Mage_Customer_AccountController->createPostAction()
#10 /var/www/html/comerciodoboi/app/code/core/Mage/Core/Controller/Varien/Router/Standard.php(250): Mage_Core_Controller_Varien_Action->dispatch('createpost')
#11 /var/www/html/comerciodoboi/app/code/core/Mage/Core/Controller/Varien/Front.php(176): Mage_Core_Controller_Varien_Router_Standard->match(Object(Mage_Core_Controller_Request_Http))
#12 /var/www/html/comerciodoboi/app/code/core/Mage/Core/Model/App.php(354): Mage_Core_Controller_Varien_Front->dispatch()
#13 /var/www/html/comerciodoboi/app/Mage.php(683): Mage_Core_Model_App->run(Array)
#14 /var/www/html/comerciodoboi/index.php(87): Mage::run('', 'store')
#15 {main}
2015-07-23T21:02:50+00:00 ERR (3): 
exception 'Mage_Core_Exception' with message 'Tipo de bloco inválido: Mage_Cliente_Block_Customer_Account_Dashboard_Hello' in /var/www/html/comerciodoboi/app/Mage.php:594
Stack trace:
#0 /var/www/html/comerciodoboi/app/code/core/Mage/Core/Model/Layout.php(495): Mage::throwException('Tipo de bloco i...')
#1 /var/www/html/comerciodoboi/app/code/core/Mage/Core/Model/Layout.php(437): Mage_Core_Model_Layout->_getBlockInstance('cliente/custome...', Array)
#2 /var/www/html/comerciodoboi/app/code/core/Mage/Core/Model/Layout.php(472): Mage_Core_Model_Layout->createBlock('cliente/custome...', 'cliente_custome...')
#3 /var/www/html/comerciodoboi/app/code/core/Mage/Core/Model/Layout.php(239): Mage_Core_Model_Layout->addBlock('cliente/custome...', 'cliente_custome...')
#4 /var/www/html/comerciodoboi/app/code/core/Mage/Core/Model/Layout.php(205): Mage_Core_Model_Layout->_generateBlock(Object(Mage_Core_Model_Layout_Element), Object(Mage_Core_Model_Layout_Element))
#5 /var/www/html/comerciodoboi/app/code/core/Mage/Core/Model/Layout.php(210): Mage_Core_Model_Layout->generateBlocks(Object(Mage_Core_Model_Layout_Element))
#6 /var/www/html/comerciodoboi/app/code/core/Mage/Core/Controller/Varien/Action.php(344): Mage_Core_Model_Layout->generateBlocks()
#7 /var/www/html/comerciodoboi/app/code/core/Mage/Core/Controller/Varien/Action.php(269): Mage_Core_Controller_Varien_Action->generateLayoutBlocks()
#8 /var/www/html/comerciodoboi/app/code/core/Mage/Customer/controllers/AccountController.php(107): Mage_Core_Controller_Varien_Action->loadLayout()
#9 /var/www/html/comerciodoboi/app/code/core/Mage/Core/Controller/Varien/Action.php(419): Mage_Customer_AccountController->indexAction()
#10 /var/www/html/comerciodoboi/app/code/core/Mage/Core/Controller/Varien/Router/Standard.php(250): Mage_Core_Controller_Varien_Action->dispatch('index')
#11 /var/www/html/comerciodoboi/app/code/core/Mage/Core/Controller/Varien/Front.php(176): Mage_Core_Controller_Varien_Router_Standard->match(Object(Mage_Core_Controller_Request_Http))
#12 /var/www/html/comerciodoboi/app/code/core/Mage/Core/Model/App.php(354): Mage_Core_Controller_Varien_Front->dispatch()
#13 /var/www/html/comerciodoboi/app/Mage.php(683): Mage_Core_Model_App->run(Array)
#14 /var/www/html/comerciodoboi/index.php(87): Mage::run('', 'store')
#15 {main}
2015-07-24T13:34:40+00:00 ERR (3): 
exception 'Mage_Core_Exception' with message 'Tipo de bloco inválido: Mage_Cliente_Block_Customer_Account_Dashboard_Hello' in /var/www/html/comerciodoboi/app/Mage.php:594
Stack trace:
#0 /var/www/html/comerciodoboi/app/code/core/Mage/Core/Model/Layout.php(495): Mage::throwException('Tipo de bloco i...')
#1 /var/www/html/comerciodoboi/app/code/core/Mage/Core/Model/Layout.php(437): Mage_Core_Model_Layout->_getBlockInstance('cliente/custome...', Array)
#2 /var/www/html/comerciodoboi/app/code/core/Mage/Core/Model/Layout.php(472): Mage_Core_Model_Layout->createBlock('cliente/custome...', 'cliente_custome...')
#3 /var/www/html/comerciodoboi/app/code/core/Mage/Core/Model/Layout.php(239): Mage_Core_Model_Layout->addBlock('cliente/custome...', 'cliente_custome...')
#4 /var/www/html/comerciodoboi/app/code/core/Mage/Core/Model/Layout.php(205): Mage_Core_Model_Layout->_generateBlock(Object(Mage_Core_Model_Layout_Element), Object(Mage_Core_Model_Layout_Element))
#5 /var/www/html/comerciodoboi/app/code/core/Mage/Core/Model/Layout.php(210): Mage_Core_Model_Layout->generateBlocks(Object(Mage_Core_Model_Layout_Element))
#6 /var/www/html/comerciodoboi/app/code/core/Mage/Core/Controller/Varien/Action.php(344): Mage_Core_Model_Layout->generateBlocks()
#7 /var/www/html/comerciodoboi/app/code/core/Mage/Core/Controller/Varien/Action.php(269): Mage_Core_Controller_Varien_Action->generateLayoutBlocks()
#8 /var/www/html/comerciodoboi/app/code/core/Mage/Customer/controllers/AccountController.php(107): Mage_Core_Controller_Varien_Action->loadLayout()
#9 /var/www/html/comerciodoboi/app/code/core/Mage/Core/Controller/Varien/Action.php(419): Mage_Customer_AccountController->indexAction()
#10 /var/www/html/comerciodoboi/app/code/core/Mage/Core/Controller/Varien/Router/Standard.php(250): Mage_Core_Controller_Varien_Action->dispatch('index')
#11 /var/www/html/comerciodoboi/app/code/core/Mage/Core/Controller/Varien/Front.php(176): Mage_Core_Controller_Varien_Router_Standard->match(Object(Mage_Core_Controller_Request_Http))
#12 /var/www/html/comerciodoboi/app/code/core/Mage/Core/Model/App.php(354): Mage_Core_Controller_Varien_Front->dispatch()
#13 /var/www/html/comerciodoboi/app/Mage.php(683): Mage_Core_Model_App->run(Array)
#14 /var/www/html/comerciodoboi/index.php(87): Mage::run('', 'store')
#15 {main}
2015-07-24T13:34:56+00:00 ERR (3): 
exception 'Mage_Core_Exception' with message 'Tipo de bloco inválido: Mage_Cliente_Block_Customer_Account_Dashboard_Hello' in /var/www/html/comerciodoboi/app/Mage.php:594
Stack trace:
#0 /var/www/html/comerciodoboi/app/code/core/Mage/Core/Model/Layout.php(495): Mage::throwException('Tipo de bloco i...')
#1 /var/www/html/comerciodoboi/app/code/core/Mage/Core/Model/Layout.php(437): Mage_Core_Model_Layout->_getBlockInstance('cliente/custome...', Array)
#2 /var/www/html/comerciodoboi/app/code/core/Mage/Core/Model/Layout.php(472): Mage_Core_Model_Layout->createBlock('cliente/custome...', 'cliente_custome...')
#3 /var/www/html/comerciodoboi/app/code/core/Mage/Core/Model/Layout.php(239): Mage_Core_Model_Layout->addBlock('cliente/custome...', 'cliente_custome...')
#4 /var/www/html/comerciodoboi/app/code/core/Mage/Core/Model/Layout.php(205): Mage_Core_Model_Layout->_generateBlock(Object(Mage_Core_Model_Layout_Element), Object(Mage_Core_Model_Layout_Element))
#5 /var/www/html/comerciodoboi/app/code/core/Mage/Core/Model/Layout.php(210): Mage_Core_Model_Layout->generateBlocks(Object(Mage_Core_Model_Layout_Element))
#6 /var/www/html/comerciodoboi/app/code/core/Mage/Core/Controller/Varien/Action.php(344): Mage_Core_Model_Layout->generateBlocks()
#7 /var/www/html/comerciodoboi/app/code/core/Mage/Core/Controller/Varien/Action.php(269): Mage_Core_Controller_Varien_Action->generateLayoutBlocks()
#8 /var/www/html/comerciodoboi/app/code/core/Mage/Customer/controllers/AccountController.php(107): Mage_Core_Controller_Varien_Action->loadLayout()
#9 /var/www/html/comerciodoboi/app/code/core/Mage/Core/Controller/Varien/Action.php(419): Mage_Customer_AccountController->indexAction()
#10 /var/www/html/comerciodoboi/app/code/core/Mage/Core/Controller/Varien/Router/Standard.php(250): Mage_Core_Controller_Varien_Action->dispatch('index')
#11 /var/www/html/comerciodoboi/app/code/core/Mage/Core/Controller/Varien/Front.php(176): Mage_Core_Controller_Varien_Router_Standard->match(Object(Mage_Core_Controller_Request_Http))
#12 /var/www/html/comerciodoboi/app/code/core/Mage/Core/Model/App.php(354): Mage_Core_Controller_Varien_Front->dispatch()
#13 /var/www/html/comerciodoboi/app/Mage.php(683): Mage_Core_Model_App->run(Array)
#14 /var/www/html/comerciodoboi/index.php(87): Mage::run('', 'store')
#15 {main}
2015-07-24T18:53:15+00:00 ERR (3): 
exception 'Mage_Core_Exception' with message 'Tipo de bloco inválido: Mage_Cliente_Block_Customer_Account_Dashboard_Hello' in /var/www/html/comerciodoboi/app/Mage.php:594
Stack trace:
#0 /var/www/html/comerciodoboi/app/code/core/Mage/Core/Model/Layout.php(495): Mage::throwException('Tipo de bloco i...')
#1 /var/www/html/comerciodoboi/app/code/core/Mage/Core/Model/Layout.php(437): Mage_Core_Model_Layout->_getBlockInstance('cliente/custome...', Array)
#2 /var/www/html/comerciodoboi/app/code/core/Mage/Core/Model/Layout.php(472): Mage_Core_Model_Layout->createBlock('cliente/custome...', 'cliente_custome...')
#3 /var/www/html/comerciodoboi/app/code/core/Mage/Core/Model/Layout.php(239): Mage_Core_Model_Layout->addBlock('cliente/custome...', 'cliente_custome...')
#4 /var/www/html/comerciodoboi/app/code/core/Mage/Core/Model/Layout.php(205): Mage_Core_Model_Layout->_generateBlock(Object(Mage_Core_Model_Layout_Element), Object(Mage_Core_Model_Layout_Element))
#5 /var/www/html/comerciodoboi/app/code/core/Mage/Core/Model/Layout.php(210): Mage_Core_Model_Layout->generateBlocks(Object(Mage_Core_Model_Layout_Element))
#6 /var/www/html/comerciodoboi/app/code/core/Mage/Core/Controller/Varien/Action.php(344): Mage_Core_Model_Layout->generateBlocks()
#7 /var/www/html/comerciodoboi/app/code/core/Mage/Core/Controller/Varien/Action.php(269): Mage_Core_Controller_Varien_Action->generateLayoutBlocks()
#8 /var/www/html/comerciodoboi/app/code/core/Mage/Customer/controllers/AccountController.php(107): Mage_Core_Controller_Varien_Action->loadLayout()
#9 /var/www/html/comerciodoboi/app/code/core/Mage/Core/Controller/Varien/Action.php(419): Mage_Customer_AccountController->indexAction()
#10 /var/www/html/comerciodoboi/app/code/core/Mage/Core/Controller/Varien/Router/Standard.php(250): Mage_Core_Controller_Varien_Action->dispatch('index')
#11 /var/www/html/comerciodoboi/app/code/core/Mage/Core/Controller/Varien/Front.php(176): Mage_Core_Controller_Varien_Router_Standard->match(Object(Mage_Core_Controller_Request_Http))
#12 /var/www/html/comerciodoboi/app/code/core/Mage/Core/Model/App.php(354): Mage_Core_Controller_Varien_Front->dispatch()
#13 /var/www/html/comerciodoboi/app/Mage.php(683): Mage_Core_Model_App->run(Array)
#14 /var/www/html/comerciodoboi/index.php(87): Mage::run('', 'store')
#15 {main}
2015-07-27T18:13:01+00:00 ERR (3): 
exception 'Mage_Core_Exception' with message 'Tipo de bloco inválido: Mage_Cliente_Block_Customer_Account_Dashboard_Hello' in /var/www/html/comerciodoboi/app/Mage.php:594
Stack trace:
#0 /var/www/html/comerciodoboi/app/code/core/Mage/Core/Model/Layout.php(495): Mage::throwException('Tipo de bloco i...')
#1 /var/www/html/comerciodoboi/app/code/core/Mage/Core/Model/Layout.php(437): Mage_Core_Model_Layout->_getBlockInstance('cliente/custome...', Array)
#2 /var/www/html/comerciodoboi/app/code/core/Mage/Core/Model/Layout.php(472): Mage_Core_Model_Layout->createBlock('cliente/custome...', 'cliente_custome...')
#3 /var/www/html/comerciodoboi/app/code/core/Mage/Core/Model/Layout.php(239): Mage_Core_Model_Layout->addBlock('cliente/custome...', 'cliente_custome...')
#4 /var/www/html/comerciodoboi/app/code/core/Mage/Core/Model/Layout.php(205): Mage_Core_Model_Layout->_generateBlock(Object(Mage_Core_Model_Layout_Element), Object(Mage_Core_Model_Layout_Element))
#5 /var/www/html/comerciodoboi/app/code/core/Mage/Core/Model/Layout.php(210): Mage_Core_Model_Layout->generateBlocks(Object(Mage_Core_Model_Layout_Element))
#6 /var/www/html/comerciodoboi/app/code/core/Mage/Core/Controller/Varien/Action.php(344): Mage_Core_Model_Layout->generateBlocks()
#7 /var/www/html/comerciodoboi/app/code/core/Mage/Core/Controller/Varien/Action.php(269): Mage_Core_Controller_Varien_Action->generateLayoutBlocks()
#8 /var/www/html/comerciodoboi/app/code/core/Mage/Customer/controllers/AccountController.php(107): Mage_Core_Controller_Varien_Action->loadLayout()
#9 /var/www/html/comerciodoboi/app/code/core/Mage/Core/Controller/Varien/Action.php(419): Mage_Customer_AccountController->indexAction()
#10 /var/www/html/comerciodoboi/app/code/core/Mage/Core/Controller/Varien/Router/Standard.php(250): Mage_Core_Controller_Varien_Action->dispatch('index')
#11 /var/www/html/comerciodoboi/app/code/core/Mage/Core/Controller/Varien/Front.php(176): Mage_Core_Controller_Varien_Router_Standard->match(Object(Mage_Core_Controller_Request_Http))
#12 /var/www/html/comerciodoboi/app/code/core/Mage/Core/Model/App.php(354): Mage_Core_Controller_Varien_Front->dispatch()
#13 /var/www/html/comerciodoboi/app/Mage.php(683): Mage_Core_Model_App->run(Array)
#14 /var/www/html/comerciodoboi/index.php(87): Mage::run('', 'store')
#15 {main}
2015-07-27T18:29:21+00:00 ERR (3): 
exception 'Mage_Core_Exception' with message 'Tipo de bloco inválido: Mage_Cliente_Block_Customer_Account_Dashboard_Hello' in /var/www/html/comerciodoboi/app/Mage.php:594
Stack trace:
#0 /var/www/html/comerciodoboi/app/code/core/Mage/Core/Model/Layout.php(495): Mage::throwException('Tipo de bloco i...')
#1 /var/www/html/comerciodoboi/app/code/core/Mage/Core/Model/Layout.php(437): Mage_Core_Model_Layout->_getBlockInstance('cliente/custome...', Array)
#2 /var/www/html/comerciodoboi/app/code/core/Mage/Core/Model/Layout.php(472): Mage_Core_Model_Layout->createBlock('cliente/custome...', 'cliente_custome...')
#3 /var/www/html/comerciodoboi/app/code/core/Mage/Core/Model/Layout.php(239): Mage_Core_Model_Layout->addBlock('cliente/custome...', 'cliente_custome...')
#4 /var/www/html/comerciodoboi/app/code/core/Mage/Core/Model/Layout.php(205): Mage_Core_Model_Layout->_generateBlock(Object(Mage_Core_Model_Layout_Element), Object(Mage_Core_Model_Layout_Element))
#5 /var/www/html/comerciodoboi/app/code/core/Mage/Core/Model/Layout.php(210): Mage_Core_Model_Layout->generateBlocks(Object(Mage_Core_Model_Layout_Element))
#6 /var/www/html/comerciodoboi/app/code/core/Mage/Core/Controller/Varien/Action.php(344): Mage_Core_Model_Layout->generateBlocks()
#7 /var/www/html/comerciodoboi/app/code/core/Mage/Core/Controller/Varien/Action.php(269): Mage_Core_Controller_Varien_Action->generateLayoutBlocks()
#8 /var/www/html/comerciodoboi/app/code/core/Mage/Customer/controllers/AccountController.php(107): Mage_Core_Controller_Varien_Action->loadLayout()
#9 /var/www/html/comerciodoboi/app/code/core/Mage/Core/Controller/Varien/Action.php(419): Mage_Customer_AccountController->indexAction()
#10 /var/www/html/comerciodoboi/app/code/core/Mage/Core/Controller/Varien/Router/Standard.php(250): Mage_Core_Controller_Varien_Action->dispatch('index')
#11 /var/www/html/comerciodoboi/app/code/core/Mage/Core/Controller/Varien/Front.php(176): Mage_Core_Controller_Varien_Router_Standard->match(Object(Mage_Core_Controller_Request_Http))
#12 /var/www/html/comerciodoboi/app/code/core/Mage/Core/Model/App.php(354): Mage_Core_Controller_Varien_Front->dispatch()
#13 /var/www/html/comerciodoboi/app/Mage.php(683): Mage_Core_Model_App->run(Array)
#14 /var/www/html/comerciodoboi/index.php(87): Mage::run('', 'store')
#15 {main}
2015-07-27T19:26:21+00:00 ERR (3): 
exception 'Mage_Core_Exception' with message 'Tipo de bloco inválido: Mage_Cliente_Block_Customer_Account_Dashboard_Hello' in /var/www/html/comerciodoboi/app/Mage.php:594
Stack trace:
#0 /var/www/html/comerciodoboi/app/code/core/Mage/Core/Model/Layout.php(495): Mage::throwException('Tipo de bloco i...')
#1 /var/www/html/comerciodoboi/app/code/core/Mage/Core/Model/Layout.php(437): Mage_Core_Model_Layout->_getBlockInstance('cliente/custome...', Array)
#2 /var/www/html/comerciodoboi/app/code/core/Mage/Core/Model/Layout.php(472): Mage_Core_Model_Layout->createBlock('cliente/custome...', 'cliente_custome...')
#3 /var/www/html/comerciodoboi/app/code/core/Mage/Core/Model/Layout.php(239): Mage_Core_Model_Layout->addBlock('cliente/custome...', 'cliente_custome...')
#4 /var/www/html/comerciodoboi/app/code/core/Mage/Core/Model/Layout.php(205): Mage_Core_Model_Layout->_generateBlock(Object(Mage_Core_Model_Layout_Element), Object(Mage_Core_Model_Layout_Element))
#5 /var/www/html/comerciodoboi/app/code/core/Mage/Core/Model/Layout.php(210): Mage_Core_Model_Layout->generateBlocks(Object(Mage_Core_Model_Layout_Element))
#6 /var/www/html/comerciodoboi/app/code/core/Mage/Core/Controller/Varien/Action.php(344): Mage_Core_Model_Layout->generateBlocks()
#7 /var/www/html/comerciodoboi/app/code/core/Mage/Core/Controller/Varien/Action.php(269): Mage_Core_Controller_Varien_Action->generateLayoutBlocks()
#8 /var/www/html/comerciodoboi/app/code/core/Mage/Customer/controllers/AccountController.php(107): Mage_Core_Controller_Varien_Action->loadLayout()
#9 /var/www/html/comerciodoboi/app/code/core/Mage/Core/Controller/Varien/Action.php(419): Mage_Customer_AccountController->indexAction()
#10 /var/www/html/comerciodoboi/app/code/core/Mage/Core/Controller/Varien/Router/Standard.php(250): Mage_Core_Controller_Varien_Action->dispatch('index')
#11 /var/www/html/comerciodoboi/app/code/core/Mage/Core/Controller/Varien/Front.php(176): Mage_Core_Controller_Varien_Router_Standard->match(Object(Mage_Core_Controller_Request_Http))
#12 /var/www/html/comerciodoboi/app/code/core/Mage/Core/Model/App.php(354): Mage_Core_Controller_Varien_Front->dispatch()
#13 /var/www/html/comerciodoboi/app/Mage.php(683): Mage_Core_Model_App->run(Array)
#14 /var/www/html/comerciodoboi/index.php(87): Mage::run('', 'store')
#15 {main}
2015-07-28T00:40:57+00:00 ERR (3): 
exception 'Mage_Core_Exception' with message 'Tipo de bloco inválido: Mage_Cliente_Block_Customer_Account_Dashboard_Hello' in /var/www/html/comerciodoboi/app/Mage.php:594
Stack trace:
#0 /var/www/html/comerciodoboi/app/code/core/Mage/Core/Model/Layout.php(495): Mage::throwException('Tipo de bloco i...')
#1 /var/www/html/comerciodoboi/app/code/core/Mage/Core/Model/Layout.php(437): Mage_Core_Model_Layout->_getBlockInstance('cliente/custome...', Array)
#2 /var/www/html/comerciodoboi/app/code/core/Mage/Core/Model/Layout.php(472): Mage_Core_Model_Layout->createBlock('cliente/custome...', 'cliente_custome...')
#3 /var/www/html/comerciodoboi/app/code/core/Mage/Core/Model/Layout.php(239): Mage_Core_Model_Layout->addBlock('cliente/custome...', 'cliente_custome...')
#4 /var/www/html/comerciodoboi/app/code/core/Mage/Core/Model/Layout.php(205): Mage_Core_Model_Layout->_generateBlock(Object(Mage_Core_Model_Layout_Element), Object(Mage_Core_Model_Layout_Element))
#5 /var/www/html/comerciodoboi/app/code/core/Mage/Core/Model/Layout.php(210): Mage_Core_Model_Layout->generateBlocks(Object(Mage_Core_Model_Layout_Element))
#6 /var/www/html/comerciodoboi/app/code/core/Mage/Core/Controller/Varien/Action.php(344): Mage_Core_Model_Layout->generateBlocks()
#7 /var/www/html/comerciodoboi/app/code/core/Mage/Core/Controller/Varien/Action.php(269): Mage_Core_Controller_Varien_Action->generateLayoutBlocks()
#8 /var/www/html/comerciodoboi/app/code/core/Mage/Customer/controllers/AccountController.php(107): Mage_Core_Controller_Varien_Action->loadLayout()
#9 /var/www/html/comerciodoboi/app/code/core/Mage/Core/Controller/Varien/Action.php(419): Mage_Customer_AccountController->indexAction()
#10 /var/www/html/comerciodoboi/app/code/core/Mage/Core/Controller/Varien/Router/Standard.php(250): Mage_Core_Controller_Varien_Action->dispatch('index')
#11 /var/www/html/comerciodoboi/app/code/core/Mage/Core/Controller/Varien/Front.php(176): Mage_Core_Controller_Varien_Router_Standard->match(Object(Mage_Core_Controller_Request_Http))
#12 /var/www/html/comerciodoboi/app/code/core/Mage/Core/Model/App.php(354): Mage_Core_Controller_Varien_Front->dispatch()
#13 /var/www/html/comerciodoboi/app/Mage.php(683): Mage_Core_Model_App->run(Array)
#14 /var/www/html/comerciodoboi/index.php(87): Mage::run('', 'store')
#15 {main}
