2015-07-24T13:51:10+00:00 ERR (3): Notice: Undefined variable: _columnCount  in /var/www/html/comerciodoboi/app/design/frontend/default/comerciodoboi/template/leilao/evento/criar-evento/main.phtml on line 15
2015-07-24T13:51:10+00:00 ERR (3): Warning: Division by zero  in /var/www/html/comerciodoboi/app/design/frontend/default/comerciodoboi/template/leilao/evento/criar-evento/main.phtml on line 15
2015-07-24T13:51:10+00:00 ERR (3): Notice: Undefined variable: _columnCount  in /var/www/html/comerciodoboi/app/design/frontend/default/comerciodoboi/template/leilao/evento/criar-evento/main.phtml on line 18
2015-07-24T13:51:10+00:00 ERR (3): Warning: Division by zero  in /var/www/html/comerciodoboi/app/design/frontend/default/comerciodoboi/template/leilao/evento/criar-evento/main.phtml on line 18
2015-07-24T13:51:10+00:00 ERR (3): Warning: include(Mage/Quickshopping/Helper/Data.php): failed to open stream: No such file or directory  in /var/www/html/comerciodoboi/lib/Varien/Autoload.php on line 93
2015-07-24T13:51:10+00:00 ERR (3): Warning: include(): Failed opening 'Mage/Quickshopping/Helper/Data.php' for inclusion (include_path='/var/www/html/comerciodoboi/app/code/local:/var/www/html/comerciodoboi/app/code/community:/var/www/html/comerciodoboi/app/code/core:/var/www/html/comerciodoboi/lib:.:/usr/share/php:/usr/share/pear')  in /var/www/html/comerciodoboi/lib/Varien/Autoload.php on line 93
2015-07-24T13:51:52+00:00 ERR (3): Notice: Undefined variable: _columnCount  in /var/www/html/comerciodoboi/app/design/frontend/default/comerciodoboi/template/leilao/evento/criar-evento/main.phtml on line 15
2015-07-24T13:51:52+00:00 ERR (3): Warning: Division by zero  in /var/www/html/comerciodoboi/app/design/frontend/default/comerciodoboi/template/leilao/evento/criar-evento/main.phtml on line 15
2015-07-24T13:51:52+00:00 ERR (3): Notice: Undefined variable: _columnCount  in /var/www/html/comerciodoboi/app/design/frontend/default/comerciodoboi/template/leilao/evento/criar-evento/main.phtml on line 18
2015-07-24T13:51:52+00:00 ERR (3): Warning: Division by zero  in /var/www/html/comerciodoboi/app/design/frontend/default/comerciodoboi/template/leilao/evento/criar-evento/main.phtml on line 18
2015-07-24T13:51:52+00:00 ERR (3): Notice: Undefined variable: _columnCount  in /var/www/html/comerciodoboi/app/design/frontend/default/comerciodoboi/template/leilao/evento/criar-evento/main.phtml on line 42
2015-07-24T13:51:52+00:00 ERR (3): Warning: Division by zero  in /var/www/html/comerciodoboi/app/design/frontend/default/comerciodoboi/template/leilao/evento/criar-evento/main.phtml on line 42
2015-07-24T13:51:52+00:00 ERR (3): Notice: Undefined variable: _columnCount  in /var/www/html/comerciodoboi/app/design/frontend/default/comerciodoboi/template/leilao/evento/criar-evento/main.phtml on line 15
2015-07-24T13:51:52+00:00 ERR (3): Warning: Division by zero  in /var/www/html/comerciodoboi/app/design/frontend/default/comerciodoboi/template/leilao/evento/criar-evento/main.phtml on line 15
2015-07-24T13:51:52+00:00 ERR (3): Notice: Undefined variable: _columnCount  in /var/www/html/comerciodoboi/app/design/frontend/default/comerciodoboi/template/leilao/evento/criar-evento/main.phtml on line 18
2015-07-24T13:51:52+00:00 ERR (3): Warning: Division by zero  in /var/www/html/comerciodoboi/app/design/frontend/default/comerciodoboi/template/leilao/evento/criar-evento/main.phtml on line 18
2015-07-24T13:51:52+00:00 ERR (3): Notice: Undefined variable: _columnCount  in /var/www/html/comerciodoboi/app/design/frontend/default/comerciodoboi/template/leilao/evento/criar-evento/main.phtml on line 42
2015-07-24T13:51:52+00:00 ERR (3): Warning: Division by zero  in /var/www/html/comerciodoboi/app/design/frontend/default/comerciodoboi/template/leilao/evento/criar-evento/main.phtml on line 42
2015-07-24T13:53:10+00:00 ERR (3): Notice: Undefined variable: _columnCount  in /var/www/html/comerciodoboi/app/design/frontend/default/comerciodoboi/template/leilao/evento/criar-evento/main.phtml on line 15
2015-07-24T13:53:10+00:00 ERR (3): Warning: Division by zero  in /var/www/html/comerciodoboi/app/design/frontend/default/comerciodoboi/template/leilao/evento/criar-evento/main.phtml on line 15
2015-07-24T13:53:10+00:00 ERR (3): Notice: Undefined variable: _columnCount  in /var/www/html/comerciodoboi/app/design/frontend/default/comerciodoboi/template/leilao/evento/criar-evento/main.phtml on line 18
2015-07-24T13:53:10+00:00 ERR (3): Warning: Division by zero  in /var/www/html/comerciodoboi/app/design/frontend/default/comerciodoboi/template/leilao/evento/criar-evento/main.phtml on line 18
2015-07-24T13:53:10+00:00 ERR (3): Notice: Undefined variable: _columnCount  in /var/www/html/comerciodoboi/app/design/frontend/default/comerciodoboi/template/leilao/evento/criar-evento/main.phtml on line 42
2015-07-24T13:53:10+00:00 ERR (3): Warning: Division by zero  in /var/www/html/comerciodoboi/app/design/frontend/default/comerciodoboi/template/leilao/evento/criar-evento/main.phtml on line 42
2015-07-24T13:53:10+00:00 ERR (3): Notice: Undefined variable: _columnCount  in /var/www/html/comerciodoboi/app/design/frontend/default/comerciodoboi/template/leilao/evento/criar-evento/main.phtml on line 15
2015-07-24T13:53:10+00:00 ERR (3): Warning: Division by zero  in /var/www/html/comerciodoboi/app/design/frontend/default/comerciodoboi/template/leilao/evento/criar-evento/main.phtml on line 15
2015-07-24T13:53:10+00:00 ERR (3): Notice: Undefined variable: _columnCount  in /var/www/html/comerciodoboi/app/design/frontend/default/comerciodoboi/template/leilao/evento/criar-evento/main.phtml on line 18
2015-07-24T13:53:10+00:00 ERR (3): Warning: Division by zero  in /var/www/html/comerciodoboi/app/design/frontend/default/comerciodoboi/template/leilao/evento/criar-evento/main.phtml on line 18
2015-07-24T13:53:10+00:00 ERR (3): Notice: Undefined variable: _columnCount  in /var/www/html/comerciodoboi/app/design/frontend/default/comerciodoboi/template/leilao/evento/criar-evento/main.phtml on line 42
2015-07-24T13:53:10+00:00 ERR (3): Warning: Division by zero  in /var/www/html/comerciodoboi/app/design/frontend/default/comerciodoboi/template/leilao/evento/criar-evento/main.phtml on line 42
2015-07-24T14:11:50+00:00 CRIT (2): Not valid template file:frontend/base/default/template/leilao/evento/criar-evento/product.phtml
2015-07-24T14:12:22+00:00 CRIT (2): Not valid template file:frontend/base/default/template/leilao/evento/criar-evento/product.phtml
2015-07-24T18:53:58+00:00 CRIT (2): Not valid template file:frontend/base/default/template/leilao/evento/list-evento.phtml
2015-07-24T18:55:16+00:00 ERR (3): Warning: Missing argument 1 for JorgePedro_Leilao_Block_Evento::getLeiloeiroEventos(), called in /var/www/html/comerciodoboi/app/design/frontend/default/comerciodoboi/template/leilao/evento/list-evento.phtml on line 3 and defined  in /var/www/html/comerciodoboi/app/code/local/JorgePedro/Leilao/Block/Evento.php on line 20
2015-07-24T18:55:16+00:00 ERR (3): Notice: Undefined variable: id_leiloeiro  in /var/www/html/comerciodoboi/app/code/local/JorgePedro/Leilao/Block/Evento.php on line 21
2015-07-24T19:02:02+00:00 ERR (3): Warning: Missing argument 1 for JorgePedro_Leilao_Block_Evento::getLeiloeiroEventos(), called in /var/www/html/comerciodoboi/app/design/frontend/default/comerciodoboi/template/leilao/evento/list-evento.phtml on line 3 and defined  in /var/www/html/comerciodoboi/app/code/local/JorgePedro/Leilao/Block/Evento.php on line 20
2015-07-24T19:02:02+00:00 ERR (3): Notice: Undefined variable: id_leiloeiro  in /var/www/html/comerciodoboi/app/code/local/JorgePedro/Leilao/Block/Evento.php on line 21
2015-07-27T19:48:07+00:00 CRIT (2): Not valid template file:frontend/base/default/template/page/3columns-left.phtml
